{"/workspace/nvr-backup/src/verify.ts":{"path":"/workspace/nvr-backup/src/verify.ts","statementMap":{"0":{"start":{"line":4,"column":22},"end":{"line":14,"column":3}},"1":{"start":{"line":5,"column":4},"end":{"line":5,"column":33}},"2":{"start":{"line":5,"column":26},"end":{"line":5,"column":33}},"3":{"start":{"line":6,"column":15},"end":{"line":6,"column":52}},"4":{"start":{"line":7,"column":4},"end":{"line":9,"column":5}},"5":{"start":{"line":8,"column":6},"end":{"line":8,"column":68}},"6":{"start":{"line":8,"column":51},"end":{"line":8,"column":63}},"7":{"start":{"line":10,"column":4},"end":{"line":10,"column":39}},"8":{"start":{"line":12,"column":4},"end":{"line":12,"column":33}},"9":{"start":{"line":12,"column":26},"end":{"line":12,"column":33}},"10":{"start":{"line":13,"column":4},"end":{"line":13,"column":17}},"11":{"start":{"line":15,"column":25},"end":{"line":19,"column":2}},"12":{"start":{"line":16,"column":4},"end":{"line":16,"column":72}},"13":{"start":{"line":18,"column":4},"end":{"line":18,"column":21}},"14":{"start":{"line":20,"column":19},"end":{"line":36,"column":4}},"15":{"start":{"line":21,"column":18},"end":{"line":28,"column":5}},"16":{"start":{"line":22,"column":8},"end":{"line":26,"column":10}},"17":{"start":{"line":23,"column":21},"end":{"line":23,"column":23}},"18":{"start":{"line":24,"column":12},"end":{"line":24,"column":95}},"19":{"start":{"line":24,"column":29},"end":{"line":24,"column":95}},"20":{"start":{"line":24,"column":77},"end":{"line":24,"column":95}},"21":{"start":{"line":25,"column":12},"end":{"line":25,"column":22}},"22":{"start":{"line":27,"column":8},"end":{"line":27,"column":26}},"23":{"start":{"line":29,"column":4},"end":{"line":35,"column":6}},"24":{"start":{"line":30,"column":8},"end":{"line":30,"column":46}},"25":{"start":{"line":30,"column":35},"end":{"line":30,"column":46}},"26":{"start":{"line":31,"column":21},"end":{"line":31,"column":23}},"27":{"start":{"line":32,"column":8},"end":{"line":32,"column":137}},"28":{"start":{"line":32,"column":25},"end":{"line":32,"column":137}},"29":{"start":{"line":32,"column":38},"end":{"line":32,"column":50}},"30":{"start":{"line":32,"column":56},"end":{"line":32,"column":57}},"31":{"start":{"line":32,"column":78},"end":{"line":32,"column":137}},"32":{"start":{"line":32,"column":102},"end":{"line":32,"column":137}},"33":{"start":{"line":33,"column":8},"end":{"line":33,"column":40}},"34":{"start":{"line":34,"column":8},"end":{"line":34,"column":22}},"35":{"start":{"line":37,"column":0},"end":{"line":37,"column":62}},"36":{"start":{"line":38,"column":15},"end":{"line":38,"column":48}},"37":{"start":{"line":39,"column":15},"end":{"line":39,"column":46}},"38":{"start":{"line":44,"column":0},"end":{"line":66,"column":1}},"39":{"start":{"line":45,"column":4},"end":{"line":45,"column":33}},"40":{"start":{"line":46,"column":4},"end":{"line":46,"column":59}},"41":{"start":{"line":47,"column":4},"end":{"line":47,"column":32}},"42":{"start":{"line":50,"column":4},"end":{"line":63,"column":5}},"43":{"start":{"line":53,"column":20},"end":{"line":53,"column":44}},"44":{"start":{"line":55,"column":8},"end":{"line":55,"column":63}},"45":{"start":{"line":56,"column":8},"end":{"line":56,"column":56}},"46":{"start":{"line":59,"column":8},"end":{"line":59,"column":157}},"47":{"start":{"line":61,"column":8},"end":{"line":61,"column":28}},"48":{"start":{"line":62,"column":8},"end":{"line":62,"column":31}},"49":{"start":{"line":64,"column":24},"end":{"line":64,"column":56}},"50":{"start":{"line":65,"column":4},"end":{"line":65,"column":25}},"51":{"start":{"line":67,"column":0},"end":{"line":67,"column":59}},"52":{"start":{"line":68,"column":0},"end":{"line":68,"column":51}},"53":{"start":{"line":69,"column":0},"end":{"line":72,"column":1}},"54":{"start":{"line":70,"column":4},"end":{"line":70,"column":80}},"55":{"start":{"line":71,"column":4},"end":{"line":71,"column":88}},"56":{"start":{"line":73,"column":0},"end":{"line":73,"column":16}},"57":{"start":{"line":74,"column":22},"end":{"line":74,"column":79}},"58":{"start":{"line":75,"column":22},"end":{"line":75,"column":47}},"59":{"start":{"line":76,"column":26},"end":{"line":76,"column":55}},"60":{"start":{"line":77,"column":26},"end":{"line":77,"column":66}},"61":{"start":{"line":78,"column":23},"end":{"line":78,"column":49}},"62":{"start":{"line":79,"column":24},"end":{"line":79,"column":51}},"63":{"start":{"line":80,"column":25},"end":{"line":80,"column":53}},"64":{"start":{"line":81,"column":18},"end":{"line":81,"column":65}},"65":{"start":{"line":82,"column":19},"end":{"line":82,"column":63}},"66":{"start":{"line":83,"column":21},"end":{"line":83,"column":48}},"67":{"start":{"line":84,"column":12},"end":{"line":93,"column":1}},"68":{"start":{"line":85,"column":26},"end":{"line":86,"column":42}},"69":{"start":{"line":86,"column":8},"end":{"line":86,"column":42}},"70":{"start":{"line":87,"column":25},"end":{"line":88,"column":40}},"71":{"start":{"line":88,"column":8},"end":{"line":88,"column":40}},"72":{"start":{"line":89,"column":25},"end":{"line":90,"column":40}},"73":{"start":{"line":90,"column":8},"end":{"line":90,"column":40}},"74":{"start":{"line":91,"column":26},"end":{"line":92,"column":42}},"75":{"start":{"line":92,"column":8},"end":{"line":92,"column":42}},"76":{"start":{"line":94,"column":14},"end":{"line":94,"column":69}},"77":{"start":{"line":94,"column":22},"end":{"line":94,"column":69}},"78":{"start":{"line":94,"column":45},"end":{"line":94,"column":68}},"79":{"start":{"line":96,"column":4},"end":{"line":96,"column":47}},"80":{"start":{"line":97,"column":4},"end":{"line":119,"column":5}},"81":{"start":{"line":98,"column":25},"end":{"line":103,"column":10}},"82":{"start":{"line":104,"column":24},"end":{"line":104,"column":72}},"83":{"start":{"line":105,"column":34},"end":{"line":108,"column":10}},"84":{"start":{"line":106,"column":27},"end":{"line":106,"column":50}},"85":{"start":{"line":107,"column":12},"end":{"line":107,"column":98}},"86":{"start":{"line":109,"column":8},"end":{"line":112,"column":9}},"87":{"start":{"line":110,"column":12},"end":{"line":110,"column":69}},"88":{"start":{"line":111,"column":12},"end":{"line":111,"column":25}},"89":{"start":{"line":113,"column":8},"end":{"line":113,"column":113}},"90":{"start":{"line":114,"column":8},"end":{"line":114,"column":20}},"91":{"start":{"line":117,"column":8},"end":{"line":117,"column":61}},"92":{"start":{"line":118,"column":8},"end":{"line":118,"column":21}},"93":{"start":{"line":122,"column":4},"end":{"line":122,"column":59}},"94":{"start":{"line":123,"column":4},"end":{"line":142,"column":5}},"95":{"start":{"line":124,"column":8},"end":{"line":126,"column":9}},"96":{"start":{"line":125,"column":12},"end":{"line":125,"column":40}},"97":{"start":{"line":127,"column":8},"end":{"line":130,"column":9}},"98":{"start":{"line":128,"column":12},"end":{"line":128,"column":90}},"99":{"start":{"line":129,"column":12},"end":{"line":129,"column":25}},"100":{"start":{"line":131,"column":24},"end":{"line":134,"column":10}},"101":{"start":{"line":135,"column":8},"end":{"line":135,"column":72}},"102":{"start":{"line":136,"column":8},"end":{"line":136,"column":89}},"103":{"start":{"line":137,"column":8},"end":{"line":137,"column":20}},"104":{"start":{"line":140,"column":8},"end":{"line":140,"column":56}},"105":{"start":{"line":141,"column":8},"end":{"line":141,"column":21}},"106":{"start":{"line":145,"column":4},"end":{"line":145,"column":50}},"107":{"start":{"line":146,"column":4},"end":{"line":178,"column":5}},"108":{"start":{"line":147,"column":8},"end":{"line":149,"column":9}},"109":{"start":{"line":148,"column":12},"end":{"line":148,"column":40}},"110":{"start":{"line":150,"column":8},"end":{"line":153,"column":9}},"111":{"start":{"line":151,"column":12},"end":{"line":151,"column":57}},"112":{"start":{"line":152,"column":12},"end":{"line":152,"column":25}},"113":{"start":{"line":154,"column":24},"end":{"line":157,"column":10}},"114":{"start":{"line":158,"column":27},"end":{"line":158,"column":78}},"115":{"start":{"line":159,"column":26},"end":{"line":159,"column":44}},"116":{"start":{"line":160,"column":8},"end":{"line":163,"column":9}},"117":{"start":{"line":161,"column":12},"end":{"line":161,"column":64}},"118":{"start":{"line":162,"column":12},"end":{"line":162,"column":25}},"119":{"start":{"line":164,"column":27},"end":{"line":165,"column":55}},"120":{"start":{"line":164,"column":57},"end":{"line":165,"column":54}},"121":{"start":{"line":166,"column":8},"end":{"line":173,"column":9}},"122":{"start":{"line":167,"column":12},"end":{"line":167,"column":89}},"123":{"start":{"line":168,"column":12},"end":{"line":168,"column":24}},"124":{"start":{"line":171,"column":12},"end":{"line":171,"column":117}},"125":{"start":{"line":172,"column":12},"end":{"line":172,"column":25}},"126":{"start":{"line":176,"column":8},"end":{"line":176,"column":66}},"127":{"start":{"line":177,"column":8},"end":{"line":177,"column":21}},"128":{"start":{"line":181,"column":4},"end":{"line":181,"column":43}},"129":{"start":{"line":183,"column":27},"end":{"line":183,"column":54}},"130":{"start":{"line":184,"column":4},"end":{"line":192,"column":6}},"131":{"start":{"line":185,"column":8},"end":{"line":185,"column":89}},"132":{"start":{"line":187,"column":8},"end":{"line":190,"column":9}},"133":{"start":{"line":188,"column":12},"end":{"line":189,"column":17}},"134":{"start":{"line":191,"column":8},"end":{"line":191,"column":25}},"135":{"start":{"line":193,"column":4},"end":{"line":205,"column":5}},"136":{"start":{"line":194,"column":8},"end":{"line":194,"column":28}},"137":{"start":{"line":195,"column":8},"end":{"line":195,"column":59}},"138":{"start":{"line":196,"column":8},"end":{"line":196,"column":20}},"139":{"start":{"line":199,"column":8},"end":{"line":199,"column":51}},"140":{"start":{"line":200,"column":8},"end":{"line":200,"column":21}},"141":{"start":{"line":204,"column":8},"end":{"line":204,"column":53}},"142":{"start":{"line":208,"column":4},"end":{"line":208,"column":59}},"143":{"start":{"line":209,"column":20},"end":{"line":209,"column":24}},"144":{"start":{"line":210,"column":4},"end":{"line":212,"column":5}},"145":{"start":{"line":211,"column":8},"end":{"line":211,"column":26}},"146":{"start":{"line":213,"column":4},"end":{"line":213,"column":22}},"147":{"start":{"line":214,"column":4},"end":{"line":216,"column":5}},"148":{"start":{"line":215,"column":8},"end":{"line":215,"column":26}},"149":{"start":{"line":217,"column":4},"end":{"line":217,"column":22}},"150":{"start":{"line":218,"column":4},"end":{"line":220,"column":5}},"151":{"start":{"line":219,"column":8},"end":{"line":219,"column":26}},"152":{"start":{"line":221,"column":4},"end":{"line":221,"column":22}},"153":{"start":{"line":226,"column":4},"end":{"line":226,"column":109}},"154":{"start":{"line":227,"column":4},"end":{"line":229,"column":5}},"155":{"start":{"line":228,"column":8},"end":{"line":228,"column":26}},"156":{"start":{"line":230,"column":4},"end":{"line":235,"column":5}},"157":{"start":{"line":231,"column":8},"end":{"line":231,"column":65}},"158":{"start":{"line":234,"column":8},"end":{"line":234,"column":84}},"159":{"start":{"line":237,"column":0},"end":{"line":239,"column":1}},"160":{"start":{"line":238,"column":4},"end":{"line":238,"column":40}},"161":{"start":{"line":240,"column":0},"end":{"line":249,"column":2}}},"fnMap":{"0":{"name":"(anonymous_0)","decl":{"start":{"line":4,"column":74},"end":{"line":4,"column":75}},"loc":{"start":{"line":4,"column":96},"end":{"line":11,"column":1}},"line":4},"1":{"name":"(anonymous_1)","decl":{"start":{"line":8,"column":38},"end":{"line":8,"column":39}},"loc":{"start":{"line":8,"column":49},"end":{"line":8,"column":65}},"line":8},"2":{"name":"(anonymous_2)","decl":{"start":{"line":11,"column":6},"end":{"line":11,"column":7}},"loc":{"start":{"line":11,"column":28},"end":{"line":14,"column":1}},"line":11},"3":{"name":"(anonymous_3)","decl":{"start":{"line":15,"column":80},"end":{"line":15,"column":81}},"loc":{"start":{"line":15,"column":95},"end":{"line":17,"column":1}},"line":15},"4":{"name":"(anonymous_4)","decl":{"start":{"line":17,"column":5},"end":{"line":17,"column":6}},"loc":{"start":{"line":17,"column":20},"end":{"line":19,"column":1}},"line":17},"5":{"name":"(anonymous_5)","decl":{"start":{"line":20,"column":51},"end":{"line":20,"column":52}},"loc":{"start":{"line":20,"column":63},"end":{"line":36,"column":1}},"line":20},"6":{"name":"(anonymous_6)","decl":{"start":{"line":21,"column":18},"end":{"line":21,"column":19}},"loc":{"start":{"line":21,"column":30},"end":{"line":28,"column":5}},"line":21},"7":{"name":"(anonymous_7)","decl":{"start":{"line":22,"column":48},"end":{"line":22,"column":49}},"loc":{"start":{"line":22,"column":61},"end":{"line":26,"column":9}},"line":22},"8":{"name":"(anonymous_8)","decl":{"start":{"line":29,"column":11},"end":{"line":29,"column":12}},"loc":{"start":{"line":29,"column":26},"end":{"line":35,"column":5}},"line":29},"9":{"name":"(anonymous_9)","decl":{"start":{"line":85,"column":11},"end":{"line":85,"column":12}},"loc":{"start":{"line":85,"column":24},"end":{"line":86,"column":44}},"line":85},"10":{"name":"(anonymous_10)","decl":{"start":{"line":87,"column":10},"end":{"line":87,"column":11}},"loc":{"start":{"line":87,"column":23},"end":{"line":88,"column":42}},"line":87},"11":{"name":"(anonymous_11)","decl":{"start":{"line":89,"column":10},"end":{"line":89,"column":11}},"loc":{"start":{"line":89,"column":23},"end":{"line":90,"column":42}},"line":89},"12":{"name":"(anonymous_12)","decl":{"start":{"line":91,"column":11},"end":{"line":91,"column":12}},"loc":{"start":{"line":91,"column":24},"end":{"line":92,"column":44}},"line":91},"13":{"name":"(anonymous_13)","decl":{"start":{"line":94,"column":14},"end":{"line":94,"column":15}},"loc":{"start":{"line":94,"column":22},"end":{"line":94,"column":69}},"line":94},"14":{"name":"(anonymous_14)","decl":{"start":{"line":94,"column":34},"end":{"line":94,"column":35}},"loc":{"start":{"line":94,"column":45},"end":{"line":94,"column":68}},"line":94},"15":{"name":"testScryptedConnection","decl":{"start":{"line":95,"column":15},"end":{"line":95,"column":37}},"loc":{"start":{"line":95,"column":40},"end":{"line":120,"column":1}},"line":95},"16":{"name":"(anonymous_16)","decl":{"start":{"line":105,"column":49},"end":{"line":105,"column":50}},"loc":{"start":{"line":105,"column":61},"end":{"line":108,"column":9}},"line":105},"17":{"name":"testGCSConnection","decl":{"start":{"line":121,"column":15},"end":{"line":121,"column":32}},"loc":{"start":{"line":121,"column":35},"end":{"line":143,"column":1}},"line":121},"18":{"name":"verifyGCSLifecyclePolicy","decl":{"start":{"line":144,"column":15},"end":{"line":144,"column":39}},"loc":{"start":{"line":144,"column":42},"end":{"line":179,"column":1}},"line":144},"19":{"name":"(anonymous_19)","decl":{"start":{"line":164,"column":47},"end":{"line":164,"column":48}},"loc":{"start":{"line":164,"column":57},"end":{"line":165,"column":54}},"line":164},"20":{"name":"runDryRunBackup","decl":{"start":{"line":180,"column":15},"end":{"line":180,"column":30}},"loc":{"start":{"line":180,"column":33},"end":{"line":206,"column":1}},"line":180},"21":{"name":"(anonymous_21)","decl":{"start":{"line":184,"column":34},"end":{"line":184,"column":35}},"loc":{"start":{"line":184,"column":85},"end":{"line":192,"column":5}},"line":184},"22":{"name":"mainVerification","decl":{"start":{"line":207,"column":15},"end":{"line":207,"column":31}},"loc":{"start":{"line":207,"column":34},"end":{"line":236,"column":1}},"line":207}},"branchMap":{"0":{"loc":{"start":{"line":4,"column":22},"end":{"line":14,"column":3}},"type":"binary-expr","locations":[{"start":{"line":4,"column":23},"end":{"line":4,"column":27}},{"start":{"line":4,"column":31},"end":{"line":4,"column":51}},{"start":{"line":4,"column":57},"end":{"line":14,"column":2}}],"line":4},"1":{"loc":{"start":{"line":4,"column":57},"end":{"line":14,"column":2}},"type":"cond-expr","locations":[{"start":{"line":4,"column":74},"end":{"line":11,"column":1}},{"start":{"line":11,"column":6},"end":{"line":14,"column":1}}],"line":4},"2":{"loc":{"start":{"line":5,"column":4},"end":{"line":5,"column":33}},"type":"if","locations":[{"start":{"line":5,"column":4},"end":{"line":5,"column":33}},{"start":{},"end":{}}],"line":5},"3":{"loc":{"start":{"line":7,"column":4},"end":{"line":9,"column":5}},"type":"if","locations":[{"start":{"line":7,"column":4},"end":{"line":9,"column":5}},{"start":{},"end":{}}],"line":7},"4":{"loc":{"start":{"line":7,"column":8},"end":{"line":7,"column":85}},"type":"binary-expr","locations":[{"start":{"line":7,"column":8},"end":{"line":7,"column":13}},{"start":{"line":7,"column":18},"end":{"line":7,"column":84}}],"line":7},"5":{"loc":{"start":{"line":7,"column":18},"end":{"line":7,"column":84}},"type":"cond-expr","locations":[{"start":{"line":7,"column":34},"end":{"line":7,"column":47}},{"start":{"line":7,"column":50},"end":{"line":7,"column":84}}],"line":7},"6":{"loc":{"start":{"line":7,"column":50},"end":{"line":7,"column":84}},"type":"binary-expr","locations":[{"start":{"line":7,"column":50},"end":{"line":7,"column":63}},{"start":{"line":7,"column":67},"end":{"line":7,"column":84}}],"line":7},"7":{"loc":{"start":{"line":12,"column":4},"end":{"line":12,"column":33}},"type":"if","locations":[{"start":{"line":12,"column":4},"end":{"line":12,"column":33}},{"start":{},"end":{}}],"line":12},"8":{"loc":{"start":{"line":15,"column":25},"end":{"line":19,"column":2}},"type":"binary-expr","locations":[{"start":{"line":15,"column":26},"end":{"line":15,"column":30}},{"start":{"line":15,"column":34},"end":{"line":15,"column":57}},{"start":{"line":15,"column":63},"end":{"line":19,"column":1}}],"line":15},"9":{"loc":{"start":{"line":15,"column":63},"end":{"line":19,"column":1}},"type":"cond-expr","locations":[{"start":{"line":15,"column":80},"end":{"line":17,"column":1}},{"start":{"line":17,"column":5},"end":{"line":19,"column":1}}],"line":15},"10":{"loc":{"start":{"line":20,"column":19},"end":{"line":36,"column":4}},"type":"binary-expr","locations":[{"start":{"line":20,"column":20},"end":{"line":20,"column":24}},{"start":{"line":20,"column":28},"end":{"line":20,"column":45}},{"start":{"line":20,"column":50},"end":{"line":36,"column":4}}],"line":20},"11":{"loc":{"start":{"line":22,"column":18},"end":{"line":26,"column":9}},"type":"binary-expr","locations":[{"start":{"line":22,"column":18},"end":{"line":22,"column":44}},{"start":{"line":22,"column":48},"end":{"line":26,"column":9}}],"line":22},"12":{"loc":{"start":{"line":24,"column":29},"end":{"line":24,"column":95}},"type":"if","locations":[{"start":{"line":24,"column":29},"end":{"line":24,"column":95}},{"start":{},"end":{}}],"line":24},"13":{"loc":{"start":{"line":30,"column":8},"end":{"line":30,"column":46}},"type":"if","locations":[{"start":{"line":30,"column":8},"end":{"line":30,"column":46}},{"start":{},"end":{}}],"line":30},"14":{"loc":{"start":{"line":30,"column":12},"end":{"line":30,"column":33}},"type":"binary-expr","locations":[{"start":{"line":30,"column":12},"end":{"line":30,"column":15}},{"start":{"line":30,"column":19},"end":{"line":30,"column":33}}],"line":30},"15":{"loc":{"start":{"line":32,"column":8},"end":{"line":32,"column":137}},"type":"if","locations":[{"start":{"line":32,"column":8},"end":{"line":32,"column":137}},{"start":{},"end":{}}],"line":32},"16":{"loc":{"start":{"line":32,"column":78},"end":{"line":32,"column":137}},"type":"if","locations":[{"start":{"line":32,"column":78},"end":{"line":32,"column":137}},{"start":{},"end":{}}],"line":32},"17":{"loc":{"start":{"line":44,"column":0},"end":{"line":66,"column":1}},"type":"if","locations":[{"start":{"line":44,"column":0},"end":{"line":66,"column":1}},{"start":{"line":49,"column":5},"end":{"line":66,"column":1}}],"line":44},"18":{"loc":{"start":{"line":46,"column":24},"end":{"line":46,"column":58}},"type":"binary-expr","locations":[{"start":{"line":46,"column":24},"end":{"line":46,"column":52}},{"start":{"line":46,"column":56},"end":{"line":46,"column":58}}],"line":46},"19":{"loc":{"start":{"line":55,"column":19},"end":{"line":55,"column":61}},"type":"binary-expr","locations":[{"start":{"line":55,"column":19},"end":{"line":55,"column":22}},{"start":{"line":55,"column":27},"end":{"line":55,"column":38}},{"start":{"line":55,"column":42},"end":{"line":55,"column":53}},{"start":{"line":55,"column":57},"end":{"line":55,"column":60}}],"line":55},"20":{"loc":{"start":{"line":56,"column":28},"end":{"line":56,"column":55}},"type":"binary-expr","locations":[{"start":{"line":56,"column":28},"end":{"line":56,"column":49}},{"start":{"line":56,"column":53},"end":{"line":56,"column":55}}],"line":56},"21":{"loc":{"start":{"line":69,"column":0},"end":{"line":72,"column":1}},"type":"if","locations":[{"start":{"line":69,"column":0},"end":{"line":72,"column":1}},{"start":{},"end":{}}],"line":69},"22":{"loc":{"start":{"line":74,"column":22},"end":{"line":74,"column":79}},"type":"binary-expr","locations":[{"start":{"line":74,"column":22},"end":{"line":74,"column":47}},{"start":{"line":74,"column":51},"end":{"line":74,"column":79}}],"line":74},"23":{"loc":{"start":{"line":81,"column":19},"end":{"line":81,"column":50}},"type":"binary-expr","locations":[{"start":{"line":81,"column":19},"end":{"line":81,"column":40}},{"start":{"line":81,"column":44},"end":{"line":81,"column":50}}],"line":81},"24":{"loc":{"start":{"line":83,"column":21},"end":{"line":83,"column":48}},"type":"binary-expr","locations":[{"start":{"line":83,"column":21},"end":{"line":83,"column":42}},{"start":{"line":83,"column":46},"end":{"line":83,"column":48}}],"line":83},"25":{"loc":{"start":{"line":85,"column":26},"end":{"line":86,"column":42}},"type":"if","locations":[{"start":{"line":85,"column":26},"end":{"line":86,"column":42}},{"start":{},"end":{}}],"line":85},"26":{"loc":{"start":{"line":87,"column":25},"end":{"line":88,"column":40}},"type":"if","locations":[{"start":{"line":87,"column":25},"end":{"line":88,"column":40}},{"start":{},"end":{}}],"line":87},"27":{"loc":{"start":{"line":89,"column":25},"end":{"line":90,"column":40}},"type":"if","locations":[{"start":{"line":89,"column":25},"end":{"line":90,"column":40}},{"start":{},"end":{}}],"line":89},"28":{"loc":{"start":{"line":91,"column":26},"end":{"line":92,"column":42}},"type":"if","locations":[{"start":{"line":91,"column":26},"end":{"line":92,"column":42}},{"start":{},"end":{}}],"line":91},"29":{"loc":{"start":{"line":104,"column":24},"end":{"line":104,"column":72}},"type":"cond-expr","locations":[{"start":{"line":104,"column":46},"end":{"line":104,"column":67}},{"start":{"line":104,"column":70},"end":{"line":104,"column":72}}],"line":104},"30":{"loc":{"start":{"line":106,"column":27},"end":{"line":106,"column":50}},"type":"binary-expr","locations":[{"start":{"line":106,"column":27},"end":{"line":106,"column":44}},{"start":{"line":106,"column":48},"end":{"line":106,"column":50}}],"line":106},"31":{"loc":{"start":{"line":107,"column":19},"end":{"line":107,"column":97}},"type":"binary-expr","locations":[{"start":{"line":107,"column":19},"end":{"line":107,"column":64}},{"start":{"line":107,"column":68},"end":{"line":107,"column":97}}],"line":107},"32":{"loc":{"start":{"line":109,"column":8},"end":{"line":112,"column":9}},"type":"if","locations":[{"start":{"line":109,"column":8},"end":{"line":112,"column":9}},{"start":{},"end":{}}],"line":109},"33":{"loc":{"start":{"line":124,"column":8},"end":{"line":126,"column":9}},"type":"if","locations":[{"start":{"line":124,"column":8},"end":{"line":126,"column":9}},{"start":{},"end":{}}],"line":124},"34":{"loc":{"start":{"line":127,"column":8},"end":{"line":130,"column":9}},"type":"if","locations":[{"start":{"line":127,"column":8},"end":{"line":130,"column":9}},{"start":{},"end":{}}],"line":127},"35":{"loc":{"start":{"line":127,"column":12},"end":{"line":127,"column":104}},"type":"binary-expr","locations":[{"start":{"line":127,"column":12},"end":{"line":127,"column":39}},{"start":{"line":127,"column":43},"end":{"line":127,"column":71}},{"start":{"line":127,"column":75},"end":{"line":127,"column":104}}],"line":127},"36":{"loc":{"start":{"line":147,"column":8},"end":{"line":149,"column":9}},"type":"if","locations":[{"start":{"line":147,"column":8},"end":{"line":149,"column":9}},{"start":{},"end":{}}],"line":147},"37":{"loc":{"start":{"line":150,"column":8},"end":{"line":153,"column":9}},"type":"if","locations":[{"start":{"line":150,"column":8},"end":{"line":153,"column":9}},{"start":{},"end":{}}],"line":150},"38":{"loc":{"start":{"line":160,"column":8},"end":{"line":163,"column":9}},"type":"if","locations":[{"start":{"line":160,"column":8},"end":{"line":163,"column":9}},{"start":{},"end":{}}],"line":160},"39":{"loc":{"start":{"line":160,"column":12},"end":{"line":160,"column":72}},"type":"binary-expr","locations":[{"start":{"line":160,"column":12},"end":{"line":160,"column":22}},{"start":{"line":160,"column":26},"end":{"line":160,"column":41}},{"start":{"line":160,"column":45},"end":{"line":160,"column":72}}],"line":160},"40":{"loc":{"start":{"line":164,"column":57},"end":{"line":165,"column":54}},"type":"binary-expr","locations":[{"start":{"line":164,"column":57},"end":{"line":164,"column":68}},{"start":{"line":164,"column":72},"end":{"line":164,"column":101}},{"start":{"line":165,"column":12},"end":{"line":165,"column":26}},{"start":{"line":165,"column":30},"end":{"line":165,"column":54}}],"line":164},"41":{"loc":{"start":{"line":166,"column":8},"end":{"line":173,"column":9}},"type":"if","locations":[{"start":{"line":166,"column":8},"end":{"line":173,"column":9}},{"start":{"line":170,"column":13},"end":{"line":173,"column":9}}],"line":166},"42":{"loc":{"start":{"line":187,"column":8},"end":{"line":190,"column":9}},"type":"if","locations":[{"start":{"line":187,"column":8},"end":{"line":190,"column":9}},{"start":{},"end":{}}],"line":187},"43":{"loc":{"start":{"line":187,"column":12},"end":{"line":187,"column":55}},"type":"binary-expr","locations":[{"start":{"line":187,"column":12},"end":{"line":187,"column":18}},{"start":{"line":187,"column":22},"end":{"line":187,"column":55}}],"line":187},"44":{"loc":{"start":{"line":210,"column":4},"end":{"line":212,"column":5}},"type":"if","locations":[{"start":{"line":210,"column":4},"end":{"line":212,"column":5}},{"start":{},"end":{}}],"line":210},"45":{"loc":{"start":{"line":214,"column":4},"end":{"line":216,"column":5}},"type":"if","locations":[{"start":{"line":214,"column":4},"end":{"line":216,"column":5}},{"start":{},"end":{}}],"line":214},"46":{"loc":{"start":{"line":218,"column":4},"end":{"line":220,"column":5}},"type":"if","locations":[{"start":{"line":218,"column":4},"end":{"line":220,"column":5}},{"start":{},"end":{}}],"line":218},"47":{"loc":{"start":{"line":227,"column":4},"end":{"line":229,"column":5}},"type":"if","locations":[{"start":{"line":227,"column":4},"end":{"line":229,"column":5}},{"start":{},"end":{}}],"line":227},"48":{"loc":{"start":{"line":230,"column":4},"end":{"line":235,"column":5}},"type":"if","locations":[{"start":{"line":230,"column":4},"end":{"line":235,"column":5}},{"start":{"line":233,"column":9},"end":{"line":235,"column":5}}],"line":230},"49":{"loc":{"start":{"line":237,"column":0},"end":{"line":239,"column":1}},"type":"if","locations":[{"start":{"line":237,"column":0},"end":{"line":239,"column":1}},{"start":{},"end":{}}],"line":237}},"s":{"0":1,"1":7,"2":7,"3":7,"4":7,"5":7,"6":1,"7":7,"8":0,"9":0,"10":0,"11":1,"12":1,"13":0,"14":1,"15":1,"16":1,"17":0,"18":0,"19":0,"20":0,"21":0,"22":1,"23":1,"24":2,"25":1,"26":1,"27":1,"28":1,"29":1,"30":1,"31":7,"32":7,"33":1,"34":1,"35":1,"36":1,"37":1,"38":1,"39":1,"40":1,"41":1,"42":0,"43":0,"44":0,"45":0,"46":0,"47":0,"48":0,"49":0,"50":0,"51":1,"52":1,"53":1,"54":1,"55":1,"56":1,"57":1,"58":1,"59":1,"60":1,"61":1,"62":1,"63":1,"64":1,"65":1,"66":1,"67":1,"68":0,"69":0,"70":14,"71":14,"72":2,"73":2,"74":4,"75":4,"76":1,"77":0,"78":0,"79":3,"80":3,"81":3,"82":3,"83":3,"84":1,"85":1,"86":3,"87":2,"88":2,"89":1,"90":1,"91":0,"92":0,"93":3,"94":3,"95":3,"96":3,"97":3,"98":1,"99":1,"100":2,"101":2,"102":1,"103":1,"104":1,"105":1,"106":3,"107":3,"108":3,"109":3,"110":3,"111":0,"112":0,"113":3,"114":3,"115":3,"116":3,"117":1,"118":1,"119":2,"120":2,"121":2,"122":1,"123":1,"124":1,"125":1,"126":0,"127":0,"128":1,"129":1,"130":1,"131":0,"132":0,"133":0,"134":0,"135":1,"136":1,"137":1,"138":1,"139":0,"140":0,"141":1,"142":0,"143":0,"144":0,"145":0,"146":0,"147":0,"148":0,"149":0,"150":0,"151":0,"152":0,"153":0,"154":0,"155":0,"156":0,"157":0,"158":0,"159":1,"160":0,"161":1},"f":{"0":7,"1":1,"2":0,"3":1,"4":0,"5":1,"6":1,"7":0,"8":2,"9":0,"10":14,"11":2,"12":4,"13":0,"14":0,"15":3,"16":1,"17":3,"18":3,"19":2,"20":1,"21":0,"22":0},"b":{"0":[1,1,1],"1":[1,0],"2":[7,0],"3":[7,0],"4":[7,7],"5":[0,7],"6":[7,0],"7":[0,0],"8":[1,1,1],"9":[1,0],"10":[1,1,1],"11":[1,0],"12":[0,0],"13":[1,1],"14":[2,2],"15":[1,0],"16":[7,0],"17":[1,0],"18":[1,0],"19":[0,0,0,0],"20":[0,0],"21":[1,0],"22":[1,0],"23":[1,1],"24":[1,0],"25":[0,0],"26":[14,0],"27":[2,0],"28":[4,0],"29":[3,0],"30":[1,0],"31":[1,0],"32":[2,1],"33":[3,0],"34":[1,2],"35":[3,2,2],"36":[3,0],"37":[0,3],"38":[1,2],"39":[3,2,2],"40":[2,2,2,2],"41":[1,1],"42":[0,0],"43":[0,0],"44":[0,0],"45":[0,0],"46":[0,0],"47":[0,0],"48":[0,0],"49":[0,1]},"inputSourceMap":{"version":3,"file":"/workspace/nvr-backup/src/verify.ts","sources":["/workspace/nvr-backup/src/verify.ts"],"names":[],"mappings":";AAAA,0CAA0C;AAC1C,gGAAgG;;;;;;;;;;;;;;;;;;;;;;;;;;;;;;;;;;;AAGhG,iDAAmC;AAEnC,+CAAiC;AAEjC,yCAAyC;AACzC,IAAI,OAAoC,CAAC;AACzC,IAAI,iBAAsB,CAAC;AAC3B,IAAI,UAAe,CAAC;AAEpB,IAAI,OAAO,CAAC,GAAG,CAAC,QAAQ,KAAK,MAAM,EAAE,CAAC;IACpC,OAAO,GAAI,MAAc,CAAC,WAAW,CAAC;IACtC,iBAAiB,GAAI,MAAc,CAAC,qBAAqB,IAAI,EAAE,CAAC;IAChE,UAAU,GAAI,MAAc,CAAC,OAAO,CAAC;AACvC,CAAC;KAAM,CAAC;IACN,IAAI,CAAC;QACH,sFAAsF;QACtF,8DAA8D;QAC9D,MAAM,GAAG,GAAG,OAAO,CAAC,eAAe,CAAC,CAAC;QACrC,4EAA4E;QAC5E,OAAO,GAAG,CAAC,GAAG,IAAI,CAAC,GAAG,CAAC,OAAO,IAAI,GAAG,CAAC,OAAO,IAAI,GAAG,CAAC,CAAQ,CAAC;QAC9D,iBAAiB,GAAG,GAAG,CAAC,iBAAiB,IAAI,EAAE,CAAC;IAClD,CAAC;IAAC,OAAO,GAAG,EAAE,CAAC;QACb,OAAO,CAAC,KAAK,CAAC,gIAAgI,EAAE,GAAG,CAAC,CAAC;QACrJ,sGAAsG;QACtG,OAAO,GAAG,SAAgB,CAAC;QAC3B,iBAAiB,GAAG,EAAE,CAAC;IACzB,CAAC;IACD,MAAM,EAAE,OAAO,EAAE,GAAG,OAAO,CAAC,uBAAuB,CAAC,CAAC;IACrD,UAAU,GAAG,OAAO,CAAC;AACvB,CAAC,CAAA,6BAA6B;AAG9B,OAAO,CAAC,GAAG,CAAC,YAAY,EAAE,OAAO,CAAC,GAAG,CAAC,QAAQ,KAAK,MAAM,CAAC,CAAC;AAC3D,OAAO,CAAC,GAAG,CAAC,kBAAkB,EAAE,OAAO,UAAU,CAAC,CAAC;AACnD,IAAI,OAAO,CAAC,GAAG,CAAC,QAAQ,KAAK,MAAM,EAAE,CAAC;IACpC,OAAO,CAAC,GAAG,CAAC,+BAA+B,EAAE,UAAU,KAAM,MAAc,CAAC,OAAO,CAAC,CAAC;IACrF,OAAO,CAAC,GAAG,CAAC,0BAA0B,EAAG,MAAc,CAAC,OAAO,CAAC,QAAQ,EAAE,CAAC,SAAS,CAAC,CAAC,EAAE,EAAE,CAAC,CAAC,CAAC;AAC/F,CAAC;AAGD,MAAM,CAAC,MAAM,EAAE,CAAC;AAEhB,MAAM,aAAa,GAAG,OAAO,CAAC,GAAG,CAAC,aAAa,IAAI,4BAA4B,CAAC;AAChF,MAAM,aAAa,GAAG,OAAO,CAAC,GAAG,CAAC,aAAa,CAAC;AAChD,MAAM,iBAAiB,GAAG,OAAO,CAAC,GAAG,CAAC,iBAAiB,CAAC;AACxD,MAAM,iBAAiB,GAAG,OAAO,CAAC,GAAG,CAAC,iBAAiB,KAAK,MAAM,CAAC;AACnE,MAAM,cAAc,GAAG,OAAO,CAAC,GAAG,CAAC,cAAc,CAAC;AAClD,MAAM,eAAe,GAAG,OAAO,CAAC,GAAG,CAAC,eAAe,CAAC;AACpD,MAAM,gBAAgB,GAAG,OAAO,CAAC,GAAG,CAAC,gBAAgB,CAAC;AACtD,MAAM,SAAS,GAAG,CAAC,OAAO,CAAC,GAAG,CAAC,SAAS,IAAI,MAAM,CAAC,CAAC,WAAW,EAAE,CAAC;AAGlE,MAAM,UAAU,GAA6B,EAAE,KAAK,EAAE,EAAE,EAAE,IAAI,EAAE,EAAE,EAAE,IAAI,EAAE,EAAE,EAAE,KAAK,EAAE,EAAE,EAAE,CAAC;AAC1F,MAAM,YAAY,GAAG,UAAU,CAAE,SAAsB,CAAC,IAAI,EAAE,CAAC;AAC/D,MAAM,GAAG,GAAG;IACV,KAAK,EAAE,CAAC,GAAG,IAAW,EAAE,EAAE,GAAG,IAAI,YAAY,IAAI,EAAE;QAAE,OAAO,CAAC,KAAK,CAAC,SAAS,EAAE,GAAG,IAAI,CAAC,CAAC,CAAC,CAAC;IACzF,IAAI,EAAG,CAAC,GAAG,IAAW,EAAE,EAAE,GAAG,IAAI,YAAY,IAAI,EAAE;QAAE,OAAO,CAAC,IAAI,CAAC,QAAQ,EAAE,GAAG,IAAI,CAAC,CAAC,CAAC,CAAC;IACvF,IAAI,EAAG,CAAC,GAAG,IAAW,EAAE,EAAE,GAAG,IAAI,YAAY,IAAI,EAAE;QAAE,OAAO,CAAC,IAAI,CAAC,QAAQ,EAAE,GAAG,IAAI,CAAC,CAAC,CAAC,CAAC;IACvF,KAAK,EAAE,CAAC,GAAG,IAAW,EAAE,EAAE,GAAG,IAAI,YAAY,IAAI,EAAE;QAAE,OAAO,CAAC,KAAK,CAAC,SAAS,EAAE,GAAG,IAAI,CAAC,CAAC,CAAC,CAAC;CAC1F,CAAC;AAEF,MAAM,KAAK,GAAG,CAAC,EAAU,EAAE,EAAE,CAAC,IAAI,OAAO,CAAC,OAAO,CAAC,EAAE,CAAC,UAAU,CAAC,OAAO,EAAE,EAAE,CAAC,CAAC,CAAC;AAG9E,KAAK,UAAU,sBAAsB;IACnC,GAAG,CAAC,IAAI,CAAC,gCAAgC,CAAC,CAAC;IAC3C,IAAI,CAAC;QACH,MAAM,QAAQ,GAAG,MAAM,OAAO,CAAC;YAC7B,IAAI,EAAE,aAAa;YACnB,QAAQ,EAAE,aAAa;YACvB,QAAQ,EAAE,iBAAiB;YAC3B,kBAAkB,EAAE,CAAC,iBAAiB;SACvC,CAAQ,CAAC,CAAC,qDAAqD;QAEhE,MAAM,OAAO,GAAW,QAAgB,CAAC,UAAU,CAAC,CAAC,CAAE,QAAgB,CAAC,UAAU,EAAE,CAAC,CAAC,CAAC,EAAE,CAAC;QAC1F,MAAM,iBAAiB,GAAG,OAAO,CAAC,MAAM,CAAC,CAAC,MAAW,EAAE,EAAE;YACvD,MAAM,MAAM,GAAI,MAAM,CAAC,UAAuB,IAAI,EAAE,CAAC;YACrD,OAAO,MAAM,CAAC,QAAQ,CAAE,iBAAyB,CAAC,UAAU,CAAC,IAAI,MAAM,CAAC,QAAQ,CAAC,YAAY,CAAC,CAAC;QACjG,CAAC,CAAC,CAAC;QAEH,IAAI,iBAAiB,CAAC,MAAM,KAAK,CAAC,EAAE,CAAC;YACnC,GAAG,CAAC,KAAK,CAAC,6CAA6C,CAAC,CAAC;YACzD,OAAO,KAAK,CAAC;QACf,CAAC;QACD,GAAG,CAAC,IAAI,CAAC,gDAAgD,iBAAiB,CAAC,MAAM,sBAAsB,CAAC,CAAC;QACzG,OAAO,IAAI,CAAC;IACd,CAAC;IAAC,OAAO,KAAK,EAAE,CAAC;QACf,GAAG,CAAC,KAAK,CAAC,kCAAkC,EAAE,KAAK,CAAC,CAAC;QACrD,OAAO,KAAK,CAAC;IACf,CAAC;AACH,CAAC;AAED,KAAK,UAAU,iBAAiB;IAC9B,GAAG,CAAC,IAAI,CAAC,4CAA4C,CAAC,CAAC;IACvD,IAAI,CAAC;QACH,IAAI,OAAO,CAAC,GAAG,CAAC,QAAQ,KAAK,MAAM,EAAE,CAAC;YACpC,UAAU,GAAI,MAAc,CAAC,OAAO,CAAC;QACvC,CAAC;QACD,IAAI,CAAC,OAAO,CAAC,GAAG,CAAC,cAAc,IAAI,CAAC,OAAO,CAAC,GAAG,CAAC,eAAe,IAAI,CAAC,OAAO,CAAC,GAAG,CAAC,gBAAgB,EAAE,CAAC;YACjG,GAAG,CAAC,KAAK,CAAC,kEAAkE,CAAC,CAAC;YAC9E,OAAO,KAAK,CAAC;QACf,CAAC;QACD,MAAM,OAAO,GAAG,IAAI,UAAU,CAAC;YAC7B,SAAS,EAAE,OAAO,CAAC,GAAG,CAAC,cAAc;YACrC,WAAW,EAAE,OAAO,CAAC,GAAG,CAAC,gBAAgB;SAC1C,CAAC,CAAC;QACH,MAAM,OAAO,CAAC,MAAM,CAAC,OAAO,CAAC,GAAG,CAAC,eAAe,CAAC,CAAC,WAAW,EAAE,CAAC;QAChE,GAAG,CAAC,IAAI,CAAC,yCAAyC,OAAO,CAAC,GAAG,CAAC,eAAe,EAAE,CAAC,CAAC;QACjF,OAAO,IAAI,CAAC;IACd,CAAC;IAAC,OAAO,KAAK,EAAE,CAAC;QACf,GAAG,CAAC,KAAK,CAAC,6BAA6B,EAAE,KAAK,CAAC,CAAC;QAChD,OAAO,KAAK,CAAC;IACf,CAAC;AACH,CAAC;AAED,KAAK,UAAU,wBAAwB;IACrC,GAAG,CAAC,IAAI,CAAC,mCAAmC,CAAC,CAAC;IAC9C,IAAI,CAAC;QACH,IAAI,OAAO,CAAC,GAAG,CAAC,QAAQ,KAAK,MAAM,EAAE,CAAC;YACpC,UAAU,GAAI,MAAc,CAAC,OAAO,CAAC;QACvC,CAAC;QACD,IAAI,CAAC,eAAe,EAAE,CAAC;YACrB,GAAG,CAAC,KAAK,CAAC,iCAAiC,CAAC,CAAC;YAC7C,OAAO,KAAK,CAAC;QACf,CAAC;QACD,MAAM,OAAO,GAAG,IAAI,UAAU,CAAC;YAC7B,SAAS,EAAE,cAAc;YACzB,WAAW,EAAE,gBAAgB;SAC9B,CAAC,CAAC;QACH,MAAM,CAAC,QAAQ,CAAC,GAAG,MAAM,OAAO,CAAC,MAAM,CAAC,eAAe,CAAC,CAAC,WAAW,EAAE,CAAC;QACvE,MAAM,SAAS,GAAG,QAAQ,CAAC,SAAS,CAAC;QAErC,IAAI,CAAC,SAAS,IAAI,CAAC,SAAS,CAAC,IAAI,IAAI,SAAS,CAAC,IAAI,CAAC,MAAM,KAAK,CAAC,EAAE,CAAC;YACjE,GAAG,CAAC,IAAI,CAAC,yCAAyC,CAAC,CAAC;YACpD,OAAO,KAAK,CAAC;QACf,CAAC;QAED,MAAM,UAAU,GAAG,SAAS,CAAC,IAAI,CAAC,IAAI,CAAC,CAAC,IAAS,EAAE,EAAE,CACnD,IAAI,CAAC,MAAM,IAAI,IAAI,CAAC,MAAM,CAAC,IAAI,KAAK,QAAQ;YAC5C,IAAI,CAAC,SAAS,IAAI,IAAI,CAAC,SAAS,CAAC,GAAG,KAAK,CAAC,CAC3C,CAAC;QAEF,IAAI,UAAU,EAAE,CAAC;YACf,GAAG,CAAC,IAAI,CAAC,kEAAkE,CAAC,CAAC;YAC7E,OAAO,IAAI,CAAC;QACd,CAAC;aAAM,CAAC;YACN,GAAG,CAAC,IAAI,CAAC,8FAA8F,CAAC,CAAC;YACzG,OAAO,KAAK,CAAC;QACf,CAAC;IACH,CAAC;IAAC,OAAO,KAAK,EAAE,CAAC;QACf,GAAG,CAAC,KAAK,CAAC,uCAAuC,EAAE,KAAK,CAAC,CAAC;QAC1D,OAAO,KAAK,CAAC;IACf,CAAC;AACH,CAAC;AAED,KAAK,UAAU,eAAe;IAC5B,GAAG,CAAC,IAAI,CAAC,4BAA4B,CAAC,CAAC;IACvC,iEAAiE;IACjE,MAAM,cAAc,GAAI,MAAc,CAAC,oBAAoB,CAAC;IAC3D,MAAc,CAAC,oBAAoB,GAAG,KAAK,EAAE,MAAW,EAAE,UAAkB,EAAE,MAAW,EAAE,WAAmB,EAAE,EAAE;QACjH,GAAG,CAAC,IAAI,CAAC,yBAAyB,UAAU,sBAAsB,WAAW,EAAE,CAAC,CAAC;QACjF,8BAA8B;QAC9B,IAAI,MAAM,IAAI,OAAO,MAAM,CAAC,IAAI,KAAK,UAAU,EAAE,CAAC;YAChD,OAAO,MAAM,CAAC,IAAI,EAAE;gBAAC,CAAC;QACxB,CAAC;QACD,MAAM,KAAK,CAAC,GAAG,CAAC,CAAC,CAAC,yBAAyB;IAC7C,CAAC,CAAC;IAEF,IAAI,CAAC;QACH,MAAM,MAAM,CAAC,IAAI,EAAE,CAAC;QACpB,GAAG,CAAC,IAAI,CAAC,wCAAwC,CAAC,CAAC;QACnD,OAAO,IAAI,CAAC;IACd,CAAC;IAAC,OAAO,KAAK,EAAE,CAAC;QACf,GAAG,CAAC,KAAK,CAAC,wBAAwB,EAAE,KAAK,CAAC,CAAC;QAC3C,OAAO,KAAK,CAAC;IACf,CAAC;YAAS,CAAC;QACT,mCAAmC;QAClC,MAAc,CAAC,oBAAoB,GAAG,cAAc,CAAC;IACxD,CAAC;AACH,CAAC;AAED,KAAK,UAAU,gBAAgB;IAC7B,GAAG,CAAC,IAAI,CAAC,4CAA4C,CAAC,CAAC;IAEvD,IAAI,SAAS,GAAG,IAAI,CAAC;IAErB,IAAI,CAAC,CAAC,MAAM,sBAAsB,EAAE,CAAC,EAAE,CAAC;QACtC,SAAS,GAAG,KAAK,CAAC;IACpB,CAAC;IACD,MAAM,KAAK,CAAC,IAAI,CAAC,CAAC,CAAC,6BAA6B;IAEhD,IAAI,CAAC,CAAC,MAAM,iBAAiB,EAAE,CAAC,EAAE,CAAC;QACjC,SAAS,GAAG,KAAK,CAAC;IACpB,CAAC;IACD,MAAM,KAAK,CAAC,IAAI,CAAC,CAAC;IAElB,IAAI,CAAC,CAAC,MAAM,wBAAwB,EAAE,CAAC,EAAE,CAAC;QACxC,SAAS,GAAG,KAAK,CAAC;IACpB,CAAC;IACD,MAAM,KAAK,CAAC,IAAI,CAAC,CAAC;IAElB,8EAA8E;IAC9E,gHAAgH;IAChH,oFAAoF;IACpF,qGAAqG;IACrG,GAAG,CAAC,IAAI,CAAC,8FAA8F,CAAC,CAAC;IACzG,IAAI,CAAC,CAAC,MAAM,eAAe,EAAE,CAAC,EAAE,CAAC;QAC/B,SAAS,GAAG,KAAK,CAAC;IACpB,CAAC;IAED,IAAI,SAAS,EAAE,CAAC;QACd,GAAG,CAAC,IAAI,CAAC,8CAA8C,CAAC,CAAC;IAC3D,CAAC;SAAM,CAAC;QACN,GAAG,CAAC,KAAK,CAAC,gEAAgE,CAAC,CAAC;IAC9E,CAAC;AACH,CAAC;AAED,IAAI,OAAO,CAAC,IAAI,KAAK,MAAM,EAAE,CAAC;IAC5B,gBAAgB,EAAE,CAAC,KAAK,CAAC,GAAG,CAAC,KAAK,CAAC,CAAC;AACtC,CAAC;AAED,MAAM,CAAC,OAAO,GAAG;IACf,sBAAsB;IACtB,iBAAiB;IACjB,wBAAwB;IACxB,eAAe;IACf,gBAAgB;IAChB,OAAO;IACP,iBAAiB;IACjB,UAAU;CACX,CAAC","sourcesContent":["// Scrypted NVR Backup Verification Script\n// This script provides a dry-run mode for the backup process and verifies GCS lifecycle policy.\n\n\nimport * as backup from './backup';\n\nimport * as dotenv from 'dotenv';\n\n// Dynamic imports for test compatibility\nlet connect: (opts: any) => Promise<any>;\nlet ScryptedInterface: any;\nlet GCSStorage: any;\n\nif (process.env.NODE_ENV === 'test') {\n  connect = (global as any).mockConnect;\n  ScryptedInterface = (global as any).mockScryptedInterface || {};\n  GCSStorage = (global as any).Storage;\n} else {\n  try {\n    // require at runtime so package doesn't attempt to initialize deviceManager on import\n    // eslint-disable-next-line @typescript-eslint/no-var-requires\n    const sdk = require('@scrypted/sdk');\n    // Many versions export a default connect function; prefer that if available\n    connect = (sdk && (sdk.connect ?? sdk.default ?? sdk)) as any;\n    ScryptedInterface = sdk.ScryptedInterface ?? {};\n  } catch (err) {\n    console.error('Runtime require of @scrypted/sdk failed. This test requires either running inside Scrypted or having the SDK available. Error:', err);\n    // Do not exit; allow the script to continue and present a helpful message when attempting to connect.\n    connect = undefined as any;\n    ScryptedInterface = {};\n  }\n  const { Storage } = require('@google-cloud/storage');\n  GCSStorage = Storage;\n}// Load environment variables\n\n\nconsole.log('Test mode:', process.env.NODE_ENV === 'test');\nconsole.log('GCSStorage type:', typeof GCSStorage);\nif (process.env.NODE_ENV === 'test') {\n  console.log('GCSStorage is global.Storage:', GCSStorage === (global as any).Storage);\n  console.log('Global Storage toString:', (global as any).Storage.toString().substring(0, 50));\n}\n\n\ndotenv.config();\n\nconst SCRYPTED_HOST = process.env.SCRYPTED_HOST || 'https://192.168.10.7:10443';\nconst SCRYPTED_USER = process.env.SCRYPTED_USER;\nconst SCRYPTED_PASSWORD = process.env.SCRYPTED_PASSWORD;\nconst ALLOW_SELF_SIGNED = process.env.ALLOW_SELF_SIGNED === 'true';\nconst GCS_PROJECT_ID = process.env.GCS_PROJECT_ID;\nconst GCS_BUCKET_NAME = process.env.GCS_BUCKET_NAME;\nconst GCS_KEYFILE_PATH = process.env.GCS_KEYFILE_PATH;\nconst LOG_LEVEL = (process.env.LOG_LEVEL || 'info').toLowerCase();\n\ntype LogLevel = 'debug' | 'info' | 'warn' | 'error';\nconst levelOrder: Record<LogLevel, number> = { debug: 10, info: 20, warn: 30, error: 40 };\nconst currentLevel = levelOrder[(LOG_LEVEL as LogLevel)] ?? 20;\nconst log = {\n  debug: (...args: any[]) => { if (currentLevel <= 10) console.debug('[DEBUG]', ...args); },\n  info:  (...args: any[]) => { if (currentLevel <= 20) console.info('[INFO]', ...args); },\n  warn:  (...args: any[]) => { if (currentLevel <= 30) console.warn('[WARN]', ...args); },\n  error: (...args: any[]) => { if (currentLevel <= 40) console.error('[ERROR]', ...args); },\n};\n\nconst sleep = (ms: number) => new Promise(resolve => setTimeout(resolve, ms));\n\n\nasync function testScryptedConnection(): Promise<boolean> {\n  log.info('Testing Scrypted connection...');\n  try {\n    const scrypted = await connect({\n      host: SCRYPTED_HOST,\n      username: SCRYPTED_USER,\n      password: SCRYPTED_PASSWORD,\n      rejectUnauthorized: !ALLOW_SELF_SIGNED,\n    }) as any; // Cast to any to bypass strict type checking for now\n\n    const devices: any[] = (scrypted as any).getDevices ? (scrypted as any).getDevices() : [];\n    const videoClipsDevices = devices.filter((device: any) => {\n      const ifaces = (device.interfaces as string[]) || [];\n      return ifaces.includes((ScryptedInterface as any).VideoClips) || ifaces.includes('VideoClips');\n    });\n\n    if (videoClipsDevices.length === 0) {\n      log.error('No VideoClips device found on Scrypted NVR.');\n      return false;\n    }\n    log.info(`Successfully connected to Scrypted and found ${videoClipsDevices.length} VideoClips devices.`);\n    return true;\n  } catch (error) {\n    log.error('Scrypted connection test failed:', error);\n    return false;\n  }\n}\n\nasync function testGCSConnection(): Promise<boolean> {\n  log.info('Testing Google Cloud Storage connection...');\n  try {\n    if (process.env.NODE_ENV === 'test') {\n      GCSStorage = (global as any).Storage;\n    }\n    if (!process.env.GCS_PROJECT_ID || !process.env.GCS_BUCKET_NAME || !process.env.GCS_KEYFILE_PATH) {\n      log.error('GCS configuration missing: PROJECT_ID, BUCKET_NAME, KEYFILE_PATH');\n      return false;\n    }\n    const storage = new GCSStorage({\n      projectId: process.env.GCS_PROJECT_ID,\n      keyFilename: process.env.GCS_KEYFILE_PATH,\n    });\n    await storage.bucket(process.env.GCS_BUCKET_NAME).getMetadata();\n    log.info(`Successfully connected to GCS bucket: ${process.env.GCS_BUCKET_NAME}`);\n    return true;\n  } catch (error) {\n    log.error('GCS connection test failed:', error);\n    return false;\n  }\n}\n\nasync function verifyGCSLifecyclePolicy(): Promise<boolean> {\n  log.info('Verifying GCS lifecycle policy...');\n  try {\n    if (process.env.NODE_ENV === 'test') {\n      GCSStorage = (global as any).Storage;\n    }\n    if (!GCS_BUCKET_NAME) {\n      log.error('GCS_BUCKET_NAME is not defined.');\n      return false;\n    }\n    const storage = new GCSStorage({\n      projectId: GCS_PROJECT_ID,\n      keyFilename: GCS_KEYFILE_PATH,\n    });\n    const [metadata] = await storage.bucket(GCS_BUCKET_NAME).getMetadata();\n    const lifecycle = metadata.lifecycle;\n\n    if (!lifecycle || !lifecycle.rule || lifecycle.rule.length === 0) {\n      log.warn('No lifecycle rules found on GCS bucket.');\n      return false;\n    }\n\n    const deleteRule = lifecycle.rule.find((rule: any) =>\n      rule.action && rule.action.type === 'Delete' &&\n      rule.condition && rule.condition.age === 7\n    );\n\n    if (deleteRule) {\n      log.info('GCS lifecycle policy for 7-day deletion is correctly configured.');\n      return true;\n    } else {\n      log.warn('GCS lifecycle policy for 7-day deletion not found. Please apply tools/gcs-lifecycle-7d.json.');\n      return false;\n    }\n  } catch (error) {\n    log.error('Error verifying GCS lifecycle policy:', error);\n    return false;\n  }\n}\n\nasync function runDryRunBackup(): Promise<boolean> {\n  log.info('Starting dry-run backup...');\n  // Temporarily override upload function to prevent actual uploads\n  const originalUpload = (global as any).uploadToGCSWithRetry;\n  (global as any).uploadToGCSWithRetry = async (bucket: any, objectName: string, stream: any, contentType: string) => {\n    log.info(`DRY RUN: Would upload ${objectName} with content type ${contentType}`);\n    // Simulate stream consumption\n    if (stream && typeof stream.read === 'function') {\n      while (stream.read());\n    }\n    await sleep(100); // Simulate network delay\n  };\n\n  try {\n    await backup.main();\n    log.info('Dry-run backup completed successfully.');\n    return true;\n  } catch (error) {\n    log.error('Dry-run backup failed:', error);\n    return false;\n  } finally {\n    // Restore original upload function\n    (global as any).uploadToGCSWithRetry = originalUpload;\n  }\n}\n\nasync function mainVerification(): Promise<void> {\n  log.info('Starting NVR Backup Verification Script...');\n\n  let allPassed = true;\n\n  if (!(await testScryptedConnection())) {\n    allPassed = false;\n  }\n  await sleep(1000); // Small delay between checks\n\n  if (!(await testGCSConnection())) {\n    allPassed = false;\n  }\n  await sleep(1000);\n\n  if (!(await verifyGCSLifecyclePolicy())) {\n    allPassed = false;\n  }\n  await sleep(1000);\n\n  // Note: Dry run requires the backupMain function to be exported and callable.\n  // It also requires the global.uploadToGCSWithRetry override to work, which might be tricky with module imports.\n  // For a robust dry-run, consider passing a 'dryRun' flag through the main function.\n  // For now, this dry-run is illustrative and might need adjustments based on actual module structure.\n  log.warn('Dry run functionality is illustrative and may require adjustments based on module structure.');\n  if (!(await runDryRunBackup())) {\n    allPassed = false;\n  }\n\n  if (allPassed) {\n    log.info('All verification checks passed successfully!');\n  } else {\n    log.error('Some verification checks failed. Please review the logs above.');\n  }\n}\n\nif (require.main === module) {\n  mainVerification().catch(log.error);\n}\n\nmodule.exports = {\n  testScryptedConnection,\n  testGCSConnection,\n  verifyGCSLifecyclePolicy,\n  runDryRunBackup,\n  mainVerification,\n  connect,\n  ScryptedInterface,\n  GCSStorage\n};\n"]},"_coverageSchema":"1a1c01bbd47fc00a2c39e90264f33305004495a9","hash":"4e8174af768308009759ab0f62783e223a735799"},"/workspace/nvr-backup/src/backup.ts":{"path":"/workspace/nvr-backup/src/backup.ts","statementMap":{"0":{"start":{"line":4,"column":22},"end":{"line":14,"column":3}},"1":{"start":{"line":5,"column":4},"end":{"line":5,"column":33}},"2":{"start":{"line":5,"column":26},"end":{"line":5,"column":33}},"3":{"start":{"line":6,"column":15},"end":{"line":6,"column":52}},"4":{"start":{"line":7,"column":4},"end":{"line":9,"column":5}},"5":{"start":{"line":8,"column":6},"end":{"line":8,"column":68}},"6":{"start":{"line":8,"column":51},"end":{"line":8,"column":63}},"7":{"start":{"line":10,"column":4},"end":{"line":10,"column":39}},"8":{"start":{"line":12,"column":4},"end":{"line":12,"column":33}},"9":{"start":{"line":12,"column":26},"end":{"line":12,"column":33}},"10":{"start":{"line":13,"column":4},"end":{"line":13,"column":17}},"11":{"start":{"line":15,"column":25},"end":{"line":19,"column":2}},"12":{"start":{"line":16,"column":4},"end":{"line":16,"column":72}},"13":{"start":{"line":18,"column":4},"end":{"line":18,"column":21}},"14":{"start":{"line":20,"column":19},"end":{"line":36,"column":4}},"15":{"start":{"line":21,"column":18},"end":{"line":28,"column":5}},"16":{"start":{"line":22,"column":8},"end":{"line":26,"column":10}},"17":{"start":{"line":23,"column":21},"end":{"line":23,"column":23}},"18":{"start":{"line":24,"column":12},"end":{"line":24,"column":95}},"19":{"start":{"line":24,"column":29},"end":{"line":24,"column":95}},"20":{"start":{"line":24,"column":77},"end":{"line":24,"column":95}},"21":{"start":{"line":25,"column":12},"end":{"line":25,"column":22}},"22":{"start":{"line":27,"column":8},"end":{"line":27,"column":26}},"23":{"start":{"line":29,"column":4},"end":{"line":35,"column":6}},"24":{"start":{"line":30,"column":8},"end":{"line":30,"column":46}},"25":{"start":{"line":30,"column":35},"end":{"line":30,"column":46}},"26":{"start":{"line":31,"column":21},"end":{"line":31,"column":23}},"27":{"start":{"line":32,"column":8},"end":{"line":32,"column":137}},"28":{"start":{"line":32,"column":25},"end":{"line":32,"column":137}},"29":{"start":{"line":32,"column":38},"end":{"line":32,"column":50}},"30":{"start":{"line":32,"column":56},"end":{"line":32,"column":57}},"31":{"start":{"line":32,"column":78},"end":{"line":32,"column":137}},"32":{"start":{"line":32,"column":102},"end":{"line":32,"column":137}},"33":{"start":{"line":33,"column":8},"end":{"line":33,"column":40}},"34":{"start":{"line":34,"column":8},"end":{"line":34,"column":22}},"35":{"start":{"line":37,"column":22},"end":{"line":39,"column":1}},"36":{"start":{"line":38,"column":4},"end":{"line":38,"column":62}},"37":{"start":{"line":40,"column":0},"end":{"line":40,"column":62}},"38":{"start":{"line":41,"column":0},"end":{"line":41,"column":42}},"39":{"start":{"line":42,"column":0},"end":{"line":42,"column":48}},"40":{"start":{"line":43,"column":0},"end":{"line":43,"column":42}},"41":{"start":{"line":44,"column":0},"end":{"line":44,"column":20}},"42":{"start":{"line":45,"column":0},"end":{"line":45,"column":46}},"43":{"start":{"line":46,"column":0},"end":{"line":46,"column":50}},"44":{"start":{"line":47,"column":0},"end":{"line":47,"column":30}},"45":{"start":{"line":48,"column":0},"end":{"line":48,"column":52}},"46":{"start":{"line":49,"column":0},"end":{"line":49,"column":50}},"47":{"start":{"line":50,"column":0},"end":{"line":50,"column":42}},"48":{"start":{"line":51,"column":11},"end":{"line":51,"column":47}},"49":{"start":{"line":52,"column":18},"end":{"line":52,"column":50}},"50":{"start":{"line":53,"column":15},"end":{"line":53,"column":46}},"51":{"start":{"line":54,"column":18},"end":{"line":54,"column":53}},"52":{"start":{"line":56,"column":0},"end":{"line":56,"column":16}},"53":{"start":{"line":59,"column":4},"end":{"line":86,"column":5}},"54":{"start":{"line":61,"column":32},"end":{"line":61,"column":49}},"55":{"start":{"line":62,"column":8},"end":{"line":85,"column":10}},"56":{"start":{"line":64,"column":34},"end":{"line":83,"column":17}},"57":{"start":{"line":69,"column":50},"end":{"line":73,"column":33}},"58":{"start":{"line":74,"column":78},"end":{"line":74,"column":91}},"59":{"start":{"line":75,"column":32},"end":{"line":75,"column":120}},"60":{"start":{"line":75,"column":64},"end":{"line":75,"column":118}},"61":{"start":{"line":77,"column":57},"end":{"line":80,"column":29}},"62":{"start":{"line":87,"column":4},"end":{"line":93,"column":5}},"63":{"start":{"line":89,"column":8},"end":{"line":89,"column":40}},"64":{"start":{"line":92,"column":8},"end":{"line":92,"column":25}},"65":{"start":{"line":96,"column":19},"end":{"line":102,"column":1}},"66":{"start":{"line":97,"column":21},"end":{"line":97,"column":41}},"67":{"start":{"line":98,"column":20},"end":{"line":98,"column":70}},"68":{"start":{"line":99,"column":4},"end":{"line":100,"column":29}},"69":{"start":{"line":100,"column":8},"end":{"line":100,"column":29}},"70":{"start":{"line":101,"column":4},"end":{"line":101,"column":19}},"71":{"start":{"line":103,"column":0},"end":{"line":103,"column":32}},"72":{"start":{"line":105,"column":19},"end":{"line":105,"column":71}},"73":{"start":{"line":106,"column":22},"end":{"line":106,"column":79}},"74":{"start":{"line":107,"column":22},"end":{"line":107,"column":47}},"75":{"start":{"line":108,"column":26},"end":{"line":108,"column":55}},"76":{"start":{"line":109,"column":26},"end":{"line":109,"column":66}},"77":{"start":{"line":110,"column":23},"end":{"line":110,"column":49}},"78":{"start":{"line":111,"column":24},"end":{"line":111,"column":51}},"79":{"start":{"line":112,"column":25},"end":{"line":112,"column":53}},"80":{"start":{"line":113,"column":18},"end":{"line":113,"column":65}},"81":{"start":{"line":114,"column":31},"end":{"line":114,"column":91}},"82":{"start":{"line":115,"column":19},"end":{"line":115,"column":63}},"83":{"start":{"line":116,"column":21},"end":{"line":116,"column":48}},"84":{"start":{"line":117,"column":0},"end":{"line":126,"column":2}},"85":{"start":{"line":118,"column":26},"end":{"line":119,"column":42}},"86":{"start":{"line":119,"column":8},"end":{"line":119,"column":42}},"87":{"start":{"line":120,"column":25},"end":{"line":121,"column":40}},"88":{"start":{"line":121,"column":8},"end":{"line":121,"column":40}},"89":{"start":{"line":122,"column":25},"end":{"line":123,"column":40}},"90":{"start":{"line":123,"column":8},"end":{"line":123,"column":40}},"91":{"start":{"line":124,"column":26},"end":{"line":125,"column":42}},"92":{"start":{"line":125,"column":8},"end":{"line":125,"column":42}},"93":{"start":{"line":127,"column":14},"end":{"line":127,"column":69}},"94":{"start":{"line":127,"column":22},"end":{"line":127,"column":69}},"95":{"start":{"line":127,"column":45},"end":{"line":127,"column":68}},"96":{"start":{"line":130,"column":4},"end":{"line":142,"column":5}},"97":{"start":{"line":130,"column":17},"end":{"line":130,"column":18}},"98":{"start":{"line":131,"column":8},"end":{"line":141,"column":9}},"99":{"start":{"line":132,"column":12},"end":{"line":132,"column":30}},"100":{"start":{"line":135,"column":12},"end":{"line":135,"column":26}},"101":{"start":{"line":136,"column":12},"end":{"line":137,"column":22}},"102":{"start":{"line":137,"column":16},"end":{"line":137,"column":22}},"103":{"start":{"line":138,"column":26},"end":{"line":138,"column":47}},"104":{"start":{"line":139,"column":12},"end":{"line":139,"column":91}},"105":{"start":{"line":140,"column":12},"end":{"line":140,"column":31}},"106":{"start":{"line":143,"column":4},"end":{"line":143,"column":78}},"107":{"start":{"line":151,"column":4},"end":{"line":158,"column":5}},"108":{"start":{"line":152,"column":28},"end":{"line":152,"column":63}},"109":{"start":{"line":153,"column":38},"end":{"line":153,"column":82}},"110":{"start":{"line":153,"column":64},"end":{"line":153,"column":81}},"111":{"start":{"line":154,"column":8},"end":{"line":156,"column":9}},"112":{"start":{"line":155,"column":12},"end":{"line":155,"column":58}},"113":{"start":{"line":157,"column":8},"end":{"line":157,"column":51}},"114":{"start":{"line":159,"column":20},"end":{"line":159,"column":41}},"115":{"start":{"line":160,"column":30},"end":{"line":173,"column":41}},"116":{"start":{"line":162,"column":27},"end":{"line":162,"column":50}},"117":{"start":{"line":164,"column":8},"end":{"line":170,"column":9}},"118":{"start":{"line":165,"column":36},"end":{"line":165,"column":56}},"119":{"start":{"line":166,"column":12},"end":{"line":166,"column":55}},"120":{"start":{"line":169,"column":12},"end":{"line":169,"column":30}},"121":{"start":{"line":171,"column":8},"end":{"line":171,"column":91}},"122":{"start":{"line":173,"column":23},"end":{"line":173,"column":40}},"123":{"start":{"line":174,"column":4},"end":{"line":176,"column":5}},"124":{"start":{"line":175,"column":8},"end":{"line":175,"column":54}},"125":{"start":{"line":177,"column":4},"end":{"line":177,"column":43}},"126":{"start":{"line":185,"column":4},"end":{"line":194,"column":5}},"127":{"start":{"line":186,"column":21},"end":{"line":186,"column":58}},"128":{"start":{"line":187,"column":22},"end":{"line":187,"column":38}},"129":{"start":{"line":188,"column":8},"end":{"line":188,"column":35}},"130":{"start":{"line":191,"column":8},"end":{"line":191,"column":72}},"131":{"start":{"line":192,"column":20},"end":{"line":192,"column":30}},"132":{"start":{"line":193,"column":8},"end":{"line":193,"column":43}},"133":{"start":{"line":201,"column":18},"end":{"line":201,"column":46}},"134":{"start":{"line":202,"column":4},"end":{"line":202,"column":67}},"135":{"start":{"line":209,"column":4},"end":{"line":211,"column":5}},"136":{"start":{"line":210,"column":8},"end":{"line":210,"column":92}},"137":{"start":{"line":212,"column":4},"end":{"line":215,"column":7}},"138":{"start":{"line":227,"column":4},"end":{"line":230,"column":5}},"139":{"start":{"line":228,"column":8},"end":{"line":228,"column":70}},"140":{"start":{"line":229,"column":8},"end":{"line":229,"column":15}},"141":{"start":{"line":231,"column":23},"end":{"line":231,"column":24}},"142":{"start":{"line":232,"column":18},"end":{"line":232,"column":19}},"143":{"start":{"line":233,"column":4},"end":{"line":264,"column":5}},"144":{"start":{"line":234,"column":8},"end":{"line":263,"column":9}},"145":{"start":{"line":235,"column":25},"end":{"line":235,"column":48}},"146":{"start":{"line":236,"column":12},"end":{"line":251,"column":13}},"147":{"start":{"line":237,"column":16},"end":{"line":243,"column":19}},"148":{"start":{"line":238,"column":40},"end":{"line":238,"column":97}},"149":{"start":{"line":239,"column":20},"end":{"line":239,"column":47}},"150":{"start":{"line":240,"column":20},"end":{"line":240,"column":52}},"151":{"start":{"line":241,"column":20},"end":{"line":241,"column":54}},"152":{"start":{"line":242,"column":20},"end":{"line":242,"column":45}},"153":{"start":{"line":246,"column":31},"end":{"line":246,"column":85}},"154":{"start":{"line":247,"column":16},"end":{"line":250,"column":19}},"155":{"start":{"line":252,"column":12},"end":{"line":252,"column":68}},"156":{"start":{"line":253,"column":12},"end":{"line":253,"column":19}},"157":{"start":{"line":256,"column":12},"end":{"line":256,"column":22}},"158":{"start":{"line":257,"column":12},"end":{"line":259,"column":13}},"159":{"start":{"line":258,"column":16},"end":{"line":258,"column":88}},"160":{"start":{"line":260,"column":26},"end":{"line":260,"column":53}},"161":{"start":{"line":261,"column":12},"end":{"line":261,"column":99}},"162":{"start":{"line":262,"column":12},"end":{"line":262,"column":69}},"163":{"start":{"line":262,"column":41},"end":{"line":262,"column":67}},"164":{"start":{"line":274,"column":23},"end":{"line":274,"column":58}},"165":{"start":{"line":275,"column":20},"end":{"line":275,"column":42}},"166":{"start":{"line":276,"column":18},"end":{"line":276,"column":91}},"167":{"start":{"line":276,"column":40},"end":{"line":276,"column":73}},"168":{"start":{"line":278,"column":24},"end":{"line":278,"column":164}},"169":{"start":{"line":278,"column":141},"end":{"line":278,"column":163}},"170":{"start":{"line":279,"column":24},"end":{"line":279,"column":107}},"171":{"start":{"line":279,"column":84},"end":{"line":279,"column":106}},"172":{"start":{"line":280,"column":4},"end":{"line":295,"column":8}},"173":{"start":{"line":282,"column":20},"end":{"line":282,"column":64}},"174":{"start":{"line":283,"column":8},"end":{"line":284,"column":25}},"175":{"start":{"line":284,"column":12},"end":{"line":284,"column":25}},"176":{"start":{"line":285,"column":8},"end":{"line":286,"column":25}},"177":{"start":{"line":286,"column":12},"end":{"line":286,"column":25}},"178":{"start":{"line":287,"column":8},"end":{"line":287,"column":20}},"179":{"start":{"line":289,"column":24},"end":{"line":295,"column":5}},"180":{"start":{"line":301,"column":4},"end":{"line":301,"column":71}},"181":{"start":{"line":302,"column":22},"end":{"line":302,"column":47}},"182":{"start":{"line":303,"column":20},"end":{"line":303,"column":30}},"183":{"start":{"line":304,"column":26},"end":{"line":304,"column":35}},"184":{"start":{"line":305,"column":4},"end":{"line":373,"column":5}},"185":{"start":{"line":307,"column":25},"end":{"line":312,"column":10}},"186":{"start":{"line":314,"column":25},"end":{"line":314,"column":76}},"187":{"start":{"line":315,"column":8},"end":{"line":318,"column":9}},"188":{"start":{"line":316,"column":12},"end":{"line":316,"column":51}},"189":{"start":{"line":317,"column":12},"end":{"line":317,"column":19}},"190":{"start":{"line":319,"column":8},"end":{"line":319,"column":63}},"191":{"start":{"line":321,"column":24},"end":{"line":321,"column":41}},"192":{"start":{"line":322,"column":23},"end":{"line":322,"column":54}},"193":{"start":{"line":324,"column":22},"end":{"line":324,"column":68}},"194":{"start":{"line":325,"column":32},"end":{"line":355,"column":11}},"195":{"start":{"line":326,"column":28},"end":{"line":326,"column":73}},"196":{"start":{"line":327,"column":25},"end":{"line":355,"column":10}},"197":{"start":{"line":328,"column":12},"end":{"line":354,"column":13}},"198":{"start":{"line":330,"column":26},"end":{"line":330,"column":50}},"199":{"start":{"line":331,"column":26},"end":{"line":331,"column":44}},"200":{"start":{"line":332,"column":26},"end":{"line":332,"column":70}},"201":{"start":{"line":333,"column":28},"end":{"line":333,"column":67}},"202":{"start":{"line":334,"column":27},"end":{"line":334,"column":67}},"203":{"start":{"line":335,"column":27},"end":{"line":335,"column":69}},"204":{"start":{"line":336,"column":27},"end":{"line":336,"column":69}},"205":{"start":{"line":337,"column":35},"end":{"line":337,"column":94}},"206":{"start":{"line":338,"column":16},"end":{"line":338,"column":81}},"207":{"start":{"line":339,"column":35},"end":{"line":339,"column":64}},"208":{"start":{"line":340,"column":36},"end":{"line":340,"column":107}},"209":{"start":{"line":340,"column":58},"end":{"line":340,"column":90}},"210":{"start":{"line":342,"column":31},"end":{"line":342,"column":69}},"211":{"start":{"line":344,"column":16},"end":{"line":344,"column":86}},"212":{"start":{"line":346,"column":16},"end":{"line":348,"column":17}},"213":{"start":{"line":347,"column":20},"end":{"line":347,"column":61}},"214":{"start":{"line":351,"column":16},"end":{"line":351,"column":81}},"215":{"start":{"line":353,"column":16},"end":{"line":353,"column":28}},"216":{"start":{"line":356,"column":24},"end":{"line":356,"column":65}},"217":{"start":{"line":357,"column":25},"end":{"line":357,"column":76}},"218":{"start":{"line":357,"column":45},"end":{"line":357,"column":68}},"219":{"start":{"line":358,"column":8},"end":{"line":360,"column":9}},"220":{"start":{"line":359,"column":12},"end":{"line":359,"column":68}},"221":{"start":{"line":362,"column":8},"end":{"line":368,"column":9}},"222":{"start":{"line":363,"column":12},"end":{"line":363,"column":55}},"223":{"start":{"line":364,"column":12},"end":{"line":364,"column":110}},"224":{"start":{"line":367,"column":12},"end":{"line":367,"column":71}},"225":{"start":{"line":371,"column":8},"end":{"line":371,"column":53}},"226":{"start":{"line":372,"column":8},"end":{"line":372,"column":20}},"227":{"start":{"line":376,"column":0},"end":{"line":378,"column":1}},"228":{"start":{"line":377,"column":4},"end":{"line":377,"column":48}},"229":{"start":{"line":377,"column":24},"end":{"line":377,"column":46}}},"fnMap":{"0":{"name":"(anonymous_0)","decl":{"start":{"line":4,"column":74},"end":{"line":4,"column":75}},"loc":{"start":{"line":4,"column":96},"end":{"line":11,"column":1}},"line":4},"1":{"name":"(anonymous_1)","decl":{"start":{"line":8,"column":38},"end":{"line":8,"column":39}},"loc":{"start":{"line":8,"column":49},"end":{"line":8,"column":65}},"line":8},"2":{"name":"(anonymous_2)","decl":{"start":{"line":11,"column":6},"end":{"line":11,"column":7}},"loc":{"start":{"line":11,"column":28},"end":{"line":14,"column":1}},"line":11},"3":{"name":"(anonymous_3)","decl":{"start":{"line":15,"column":80},"end":{"line":15,"column":81}},"loc":{"start":{"line":15,"column":95},"end":{"line":17,"column":1}},"line":15},"4":{"name":"(anonymous_4)","decl":{"start":{"line":17,"column":5},"end":{"line":17,"column":6}},"loc":{"start":{"line":17,"column":20},"end":{"line":19,"column":1}},"line":17},"5":{"name":"(anonymous_5)","decl":{"start":{"line":20,"column":51},"end":{"line":20,"column":52}},"loc":{"start":{"line":20,"column":63},"end":{"line":36,"column":1}},"line":20},"6":{"name":"(anonymous_6)","decl":{"start":{"line":21,"column":18},"end":{"line":21,"column":19}},"loc":{"start":{"line":21,"column":30},"end":{"line":28,"column":5}},"line":21},"7":{"name":"(anonymous_7)","decl":{"start":{"line":22,"column":48},"end":{"line":22,"column":49}},"loc":{"start":{"line":22,"column":61},"end":{"line":26,"column":9}},"line":22},"8":{"name":"(anonymous_8)","decl":{"start":{"line":29,"column":11},"end":{"line":29,"column":12}},"loc":{"start":{"line":29,"column":26},"end":{"line":35,"column":5}},"line":29},"9":{"name":"(anonymous_9)","decl":{"start":{"line":37,"column":56},"end":{"line":37,"column":57}},"loc":{"start":{"line":37,"column":71},"end":{"line":39,"column":1}},"line":37},"10":{"name":"getScryptedRuntime","decl":{"start":{"line":58,"column":9},"end":{"line":58,"column":27}},"loc":{"start":{"line":58,"column":30},"end":{"line":94,"column":1}},"line":58},"11":{"name":"(anonymous_11)","decl":{"start":{"line":64,"column":28},"end":{"line":64,"column":29}},"loc":{"start":{"line":64,"column":34},"end":{"line":83,"column":17}},"line":64},"12":{"name":"(anonymous_12)","decl":{"start":{"line":68,"column":43},"end":{"line":68,"column":44}},"loc":{"start":{"line":68,"column":62},"end":{"line":76,"column":29}},"line":68},"13":{"name":"(anonymous_13)","decl":{"start":{"line":75,"column":56},"end":{"line":75,"column":57}},"loc":{"start":{"line":75,"column":64},"end":{"line":75,"column":118}},"line":75},"14":{"name":"(anonymous_14)","decl":{"start":{"line":77,"column":42},"end":{"line":77,"column":43}},"loc":{"start":{"line":77,"column":57},"end":{"line":80,"column":29}},"line":77},"15":{"name":"(anonymous_15)","decl":{"start":{"line":96,"column":19},"end":{"line":96,"column":20}},"loc":{"start":{"line":96,"column":35},"end":{"line":102,"column":1}},"line":96},"16":{"name":"(anonymous_16)","decl":{"start":{"line":118,"column":11},"end":{"line":118,"column":12}},"loc":{"start":{"line":118,"column":24},"end":{"line":119,"column":44}},"line":118},"17":{"name":"(anonymous_17)","decl":{"start":{"line":120,"column":10},"end":{"line":120,"column":11}},"loc":{"start":{"line":120,"column":23},"end":{"line":121,"column":42}},"line":120},"18":{"name":"(anonymous_18)","decl":{"start":{"line":122,"column":10},"end":{"line":122,"column":11}},"loc":{"start":{"line":122,"column":23},"end":{"line":123,"column":42}},"line":122},"19":{"name":"(anonymous_19)","decl":{"start":{"line":124,"column":11},"end":{"line":124,"column":12}},"loc":{"start":{"line":124,"column":24},"end":{"line":125,"column":44}},"line":124},"20":{"name":"(anonymous_20)","decl":{"start":{"line":127,"column":14},"end":{"line":127,"column":15}},"loc":{"start":{"line":127,"column":22},"end":{"line":127,"column":69}},"line":127},"21":{"name":"(anonymous_21)","decl":{"start":{"line":127,"column":34},"end":{"line":127,"column":35}},"loc":{"start":{"line":127,"column":45},"end":{"line":127,"column":68}},"line":127},"22":{"name":"withRetry","decl":{"start":{"line":128,"column":15},"end":{"line":128,"column":24}},"loc":{"start":{"line":128,"column":50},"end":{"line":144,"column":1}},"line":128},"23":{"name":"getVideoClipsDevice","decl":{"start":{"line":150,"column":9},"end":{"line":150,"column":28}},"loc":{"start":{"line":150,"column":39},"end":{"line":178,"column":1}},"line":150},"24":{"name":"(anonymous_24)","decl":{"start":{"line":153,"column":57},"end":{"line":153,"column":58}},"loc":{"start":{"line":153,"column":64},"end":{"line":153,"column":81}},"line":153},"25":{"name":"(anonymous_25)","decl":{"start":{"line":161,"column":16},"end":{"line":161,"column":17}},"loc":{"start":{"line":161,"column":28},"end":{"line":172,"column":5}},"line":161},"26":{"name":"(anonymous_26)","decl":{"start":{"line":173,"column":16},"end":{"line":173,"column":17}},"loc":{"start":{"line":173,"column":23},"end":{"line":173,"column":40}},"line":173},"27":{"name":"readLastTimestamp","decl":{"start":{"line":184,"column":15},"end":{"line":184,"column":32}},"loc":{"start":{"line":184,"column":35},"end":{"line":195,"column":1}},"line":184},"28":{"name":"updateLastTimestamp","decl":{"start":{"line":200,"column":15},"end":{"line":200,"column":34}},"loc":{"start":{"line":200,"column":46},"end":{"line":203,"column":1}},"line":200},"29":{"name":"createGCSClient","decl":{"start":{"line":208,"column":9},"end":{"line":208,"column":24}},"loc":{"start":{"line":208,"column":27},"end":{"line":216,"column":1}},"line":208},"30":{"name":"uploadToGCSWithRetry","decl":{"start":{"line":226,"column":15},"end":{"line":226,"column":35}},"loc":{"start":{"line":226,"column":77},"end":{"line":265,"column":1}},"line":226},"31":{"name":"(anonymous_31)","decl":{"start":{"line":237,"column":34},"end":{"line":237,"column":35}},"loc":{"start":{"line":237,"column":55},"end":{"line":243,"column":17}},"line":237},"32":{"name":"(anonymous_32)","decl":{"start":{"line":262,"column":30},"end":{"line":262,"column":31}},"loc":{"start":{"line":262,"column":41},"end":{"line":262,"column":67}},"line":262},"33":{"name":"extractNewClips","decl":{"start":{"line":273,"column":15},"end":{"line":273,"column":30}},"loc":{"start":{"line":273,"column":61},"end":{"line":296,"column":1}},"line":273},"34":{"name":"(anonymous_34)","decl":{"start":{"line":276,"column":34},"end":{"line":276,"column":35}},"loc":{"start":{"line":276,"column":40},"end":{"line":276,"column":73}},"line":276},"35":{"name":"(anonymous_35)","decl":{"start":{"line":278,"column":136},"end":{"line":278,"column":137}},"loc":{"start":{"line":278,"column":141},"end":{"line":278,"column":163}},"line":278},"36":{"name":"(anonymous_36)","decl":{"start":{"line":279,"column":79},"end":{"line":279,"column":80}},"loc":{"start":{"line":279,"column":84},"end":{"line":279,"column":106}},"line":279},"37":{"name":"(anonymous_37)","decl":{"start":{"line":281,"column":16},"end":{"line":281,"column":17}},"loc":{"start":{"line":281,"column":26},"end":{"line":288,"column":5}},"line":281},"38":{"name":"(anonymous_38)","decl":{"start":{"line":289,"column":13},"end":{"line":289,"column":14}},"loc":{"start":{"line":289,"column":24},"end":{"line":295,"column":5}},"line":289},"39":{"name":"main","decl":{"start":{"line":300,"column":15},"end":{"line":300,"column":19}},"loc":{"start":{"line":300,"column":22},"end":{"line":374,"column":1}},"line":300},"40":{"name":"(anonymous_40)","decl":{"start":{"line":326,"column":18},"end":{"line":326,"column":19}},"loc":{"start":{"line":326,"column":28},"end":{"line":326,"column":73}},"line":326},"41":{"name":"(anonymous_41)","decl":{"start":{"line":327,"column":17},"end":{"line":327,"column":18}},"loc":{"start":{"line":327,"column":25},"end":{"line":355,"column":10}},"line":327},"42":{"name":"(anonymous_42)","decl":{"start":{"line":327,"column":31},"end":{"line":327,"column":32}},"loc":{"start":{"line":327,"column":43},"end":{"line":355,"column":9}},"line":327},"43":{"name":"(anonymous_43)","decl":{"start":{"line":340,"column":52},"end":{"line":340,"column":53}},"loc":{"start":{"line":340,"column":58},"end":{"line":340,"column":90}},"line":340},"44":{"name":"(anonymous_44)","decl":{"start":{"line":357,"column":40},"end":{"line":357,"column":41}},"loc":{"start":{"line":357,"column":45},"end":{"line":357,"column":68}},"line":357},"45":{"name":"(anonymous_45)","decl":{"start":{"line":377,"column":17},"end":{"line":377,"column":18}},"loc":{"start":{"line":377,"column":24},"end":{"line":377,"column":46}},"line":377}},"branchMap":{"0":{"loc":{"start":{"line":4,"column":22},"end":{"line":14,"column":3}},"type":"binary-expr","locations":[{"start":{"line":4,"column":23},"end":{"line":4,"column":27}},{"start":{"line":4,"column":31},"end":{"line":4,"column":51}},{"start":{"line":4,"column":57},"end":{"line":14,"column":2}}],"line":4},"1":{"loc":{"start":{"line":4,"column":57},"end":{"line":14,"column":2}},"type":"cond-expr","locations":[{"start":{"line":4,"column":74},"end":{"line":11,"column":1}},{"start":{"line":11,"column":6},"end":{"line":14,"column":1}}],"line":4},"2":{"loc":{"start":{"line":5,"column":4},"end":{"line":5,"column":33}},"type":"if","locations":[{"start":{"line":5,"column":4},"end":{"line":5,"column":33}},{"start":{},"end":{}}],"line":5},"3":{"loc":{"start":{"line":7,"column":4},"end":{"line":9,"column":5}},"type":"if","locations":[{"start":{"line":7,"column":4},"end":{"line":9,"column":5}},{"start":{},"end":{}}],"line":7},"4":{"loc":{"start":{"line":7,"column":8},"end":{"line":7,"column":85}},"type":"binary-expr","locations":[{"start":{"line":7,"column":8},"end":{"line":7,"column":13}},{"start":{"line":7,"column":18},"end":{"line":7,"column":84}}],"line":7},"5":{"loc":{"start":{"line":7,"column":18},"end":{"line":7,"column":84}},"type":"cond-expr","locations":[{"start":{"line":7,"column":34},"end":{"line":7,"column":47}},{"start":{"line":7,"column":50},"end":{"line":7,"column":84}}],"line":7},"6":{"loc":{"start":{"line":7,"column":50},"end":{"line":7,"column":84}},"type":"binary-expr","locations":[{"start":{"line":7,"column":50},"end":{"line":7,"column":63}},{"start":{"line":7,"column":67},"end":{"line":7,"column":84}}],"line":7},"7":{"loc":{"start":{"line":12,"column":4},"end":{"line":12,"column":33}},"type":"if","locations":[{"start":{"line":12,"column":4},"end":{"line":12,"column":33}},{"start":{},"end":{}}],"line":12},"8":{"loc":{"start":{"line":15,"column":25},"end":{"line":19,"column":2}},"type":"binary-expr","locations":[{"start":{"line":15,"column":26},"end":{"line":15,"column":30}},{"start":{"line":15,"column":34},"end":{"line":15,"column":57}},{"start":{"line":15,"column":63},"end":{"line":19,"column":1}}],"line":15},"9":{"loc":{"start":{"line":15,"column":63},"end":{"line":19,"column":1}},"type":"cond-expr","locations":[{"start":{"line":15,"column":80},"end":{"line":17,"column":1}},{"start":{"line":17,"column":5},"end":{"line":19,"column":1}}],"line":15},"10":{"loc":{"start":{"line":20,"column":19},"end":{"line":36,"column":4}},"type":"binary-expr","locations":[{"start":{"line":20,"column":20},"end":{"line":20,"column":24}},{"start":{"line":20,"column":28},"end":{"line":20,"column":45}},{"start":{"line":20,"column":50},"end":{"line":36,"column":4}}],"line":20},"11":{"loc":{"start":{"line":22,"column":18},"end":{"line":26,"column":9}},"type":"binary-expr","locations":[{"start":{"line":22,"column":18},"end":{"line":22,"column":44}},{"start":{"line":22,"column":48},"end":{"line":26,"column":9}}],"line":22},"12":{"loc":{"start":{"line":24,"column":29},"end":{"line":24,"column":95}},"type":"if","locations":[{"start":{"line":24,"column":29},"end":{"line":24,"column":95}},{"start":{},"end":{}}],"line":24},"13":{"loc":{"start":{"line":30,"column":8},"end":{"line":30,"column":46}},"type":"if","locations":[{"start":{"line":30,"column":8},"end":{"line":30,"column":46}},{"start":{},"end":{}}],"line":30},"14":{"loc":{"start":{"line":30,"column":12},"end":{"line":30,"column":33}},"type":"binary-expr","locations":[{"start":{"line":30,"column":12},"end":{"line":30,"column":15}},{"start":{"line":30,"column":19},"end":{"line":30,"column":33}}],"line":30},"15":{"loc":{"start":{"line":32,"column":8},"end":{"line":32,"column":137}},"type":"if","locations":[{"start":{"line":32,"column":8},"end":{"line":32,"column":137}},{"start":{},"end":{}}],"line":32},"16":{"loc":{"start":{"line":32,"column":78},"end":{"line":32,"column":137}},"type":"if","locations":[{"start":{"line":32,"column":78},"end":{"line":32,"column":137}},{"start":{},"end":{}}],"line":32},"17":{"loc":{"start":{"line":37,"column":22},"end":{"line":39,"column":1}},"type":"binary-expr","locations":[{"start":{"line":37,"column":23},"end":{"line":37,"column":27}},{"start":{"line":37,"column":31},"end":{"line":37,"column":51}},{"start":{"line":37,"column":56},"end":{"line":39,"column":1}}],"line":37},"18":{"loc":{"start":{"line":38,"column":11},"end":{"line":38,"column":61}},"type":"cond-expr","locations":[{"start":{"line":38,"column":37},"end":{"line":38,"column":40}},{"start":{"line":38,"column":43},"end":{"line":38,"column":61}}],"line":38},"19":{"loc":{"start":{"line":38,"column":12},"end":{"line":38,"column":33}},"type":"binary-expr","locations":[{"start":{"line":38,"column":12},"end":{"line":38,"column":15}},{"start":{"line":38,"column":19},"end":{"line":38,"column":33}}],"line":38},"20":{"loc":{"start":{"line":59,"column":4},"end":{"line":86,"column":5}},"type":"if","locations":[{"start":{"line":59,"column":4},"end":{"line":86,"column":5}},{"start":{},"end":{}}],"line":59},"21":{"loc":{"start":{"line":74,"column":40},"end":{"line":74,"column":53}},"type":"default-arg","locations":[{"start":{"line":74,"column":52},"end":{"line":74,"column":53}}],"line":74},"22":{"loc":{"start":{"line":74,"column":55},"end":{"line":74,"column":73}},"type":"default-arg","locations":[{"start":{"line":74,"column":65},"end":{"line":74,"column":73}}],"line":74},"23":{"loc":{"start":{"line":74,"column":78},"end":{"line":74,"column":91}},"type":"binary-expr","locations":[{"start":{"line":74,"column":78},"end":{"line":74,"column":85}},{"start":{"line":74,"column":89},"end":{"line":74,"column":91}}],"line":74},"24":{"loc":{"start":{"line":75,"column":64},"end":{"line":75,"column":118}},"type":"binary-expr","locations":[{"start":{"line":75,"column":64},"end":{"line":75,"column":91}},{"start":{"line":75,"column":95},"end":{"line":75,"column":118}}],"line":75},"25":{"loc":{"start":{"line":98,"column":20},"end":{"line":98,"column":70}},"type":"binary-expr","locations":[{"start":{"line":98,"column":20},"end":{"line":98,"column":37}},{"start":{"line":98,"column":41},"end":{"line":98,"column":58}},{"start":{"line":98,"column":62},"end":{"line":98,"column":70}}],"line":98},"26":{"loc":{"start":{"line":99,"column":4},"end":{"line":100,"column":29}},"type":"if","locations":[{"start":{"line":99,"column":4},"end":{"line":100,"column":29}},{"start":{},"end":{}}],"line":99},"27":{"loc":{"start":{"line":105,"column":19},"end":{"line":105,"column":71}},"type":"binary-expr","locations":[{"start":{"line":105,"column":19},"end":{"line":105,"column":46}},{"start":{"line":105,"column":50},"end":{"line":105,"column":71}}],"line":105},"28":{"loc":{"start":{"line":106,"column":22},"end":{"line":106,"column":79}},"type":"binary-expr","locations":[{"start":{"line":106,"column":22},"end":{"line":106,"column":47}},{"start":{"line":106,"column":51},"end":{"line":106,"column":79}}],"line":106},"29":{"loc":{"start":{"line":113,"column":19},"end":{"line":113,"column":50}},"type":"binary-expr","locations":[{"start":{"line":113,"column":19},"end":{"line":113,"column":40}},{"start":{"line":113,"column":44},"end":{"line":113,"column":50}}],"line":113},"30":{"loc":{"start":{"line":114,"column":31},"end":{"line":114,"column":91}},"type":"binary-expr","locations":[{"start":{"line":114,"column":31},"end":{"line":114,"column":86}},{"start":{"line":114,"column":90},"end":{"line":114,"column":91}}],"line":114},"31":{"loc":{"start":{"line":114,"column":40},"end":{"line":114,"column":81}},"type":"binary-expr","locations":[{"start":{"line":114,"column":40},"end":{"line":114,"column":74}},{"start":{"line":114,"column":78},"end":{"line":114,"column":81}}],"line":114},"32":{"loc":{"start":{"line":116,"column":21},"end":{"line":116,"column":48}},"type":"binary-expr","locations":[{"start":{"line":116,"column":21},"end":{"line":116,"column":42}},{"start":{"line":116,"column":46},"end":{"line":116,"column":48}}],"line":116},"33":{"loc":{"start":{"line":118,"column":26},"end":{"line":119,"column":42}},"type":"if","locations":[{"start":{"line":118,"column":26},"end":{"line":119,"column":42}},{"start":{},"end":{}}],"line":118},"34":{"loc":{"start":{"line":120,"column":25},"end":{"line":121,"column":40}},"type":"if","locations":[{"start":{"line":120,"column":25},"end":{"line":121,"column":40}},{"start":{},"end":{}}],"line":120},"35":{"loc":{"start":{"line":122,"column":25},"end":{"line":123,"column":40}},"type":"if","locations":[{"start":{"line":122,"column":25},"end":{"line":123,"column":40}},{"start":{},"end":{}}],"line":122},"36":{"loc":{"start":{"line":124,"column":26},"end":{"line":125,"column":42}},"type":"if","locations":[{"start":{"line":124,"column":26},"end":{"line":125,"column":42}},{"start":{},"end":{}}],"line":124},"37":{"loc":{"start":{"line":128,"column":36},"end":{"line":128,"column":48}},"type":"default-arg","locations":[{"start":{"line":128,"column":47},"end":{"line":128,"column":48}}],"line":128},"38":{"loc":{"start":{"line":136,"column":12},"end":{"line":137,"column":22}},"type":"if","locations":[{"start":{"line":136,"column":12},"end":{"line":137,"column":22}},{"start":{},"end":{}}],"line":136},"39":{"loc":{"start":{"line":151,"column":4},"end":{"line":158,"column":5}},"type":"if","locations":[{"start":{"line":151,"column":4},"end":{"line":158,"column":5}},{"start":{},"end":{}}],"line":151},"40":{"loc":{"start":{"line":154,"column":8},"end":{"line":156,"column":9}},"type":"if","locations":[{"start":{"line":154,"column":8},"end":{"line":156,"column":9}},{"start":{},"end":{}}],"line":154},"41":{"loc":{"st
[...]
cAAc;QACzB,WAAW,EAAE,gBAAgB;KAC9B,CAAC,CAAC;AACL,CAAC;AAED;;;;;;;;GAQG;AACH,KAAK,UAAU,oBAAoB,CACjC,MAAW,EACX,UAAkB,EAClB,MAAW,EACX,WAAmB;IAEnB,IAAI,OAAO,CAAC,GAAG,CAAC,OAAO,KAAK,MAAM,EAAE,CAAC;QACnC,WAAG,CAAC,IAAI,CAAC,+BAA+B,UAAU,EAAE,CAAC,CAAC;QACtD,OAAO;IACT,CAAC;IAED,MAAM,UAAU,GAAG,CAAC,CAAC;IACrB,IAAI,OAAO,GAAG,CAAC,CAAC;IAChB,OAAO,OAAO,GAAG,UAAU,EAAE,CAAC;QAC5B,IAAI,CAAC;YACH,MAAM,IAAI,GAAG,MAAM,CAAC,IAAI,CAAC,UAAU,CAAC,CAAC;YACrC,IAAI,MAAM,IAAI,OAAO,MAAM,CAAC,IAAI,KAAK,UAAU,EAAE,CAAC;gBAChD,MAAM,IAAI,OAAO,CAAO,CAAC,OAAO,EAAE,MAAM,EAAE,EAAE;oBAC1C,MAAM,WAAW,GAAG,IAAI,CAAC,iBAAiB,CAAC,EAAE,SAAS,EAAE,KAAK,EAAE,WAAW,EAAE,CAAC,CAAC;oBAC9E,MAAM,CAAC,EAAE,CAAC,OAAO,EAAE,MAAM,CAAC,CAAC;oBAC3B,WAAW,CAAC,EAAE,CAAC,OAAO,EAAE,MAAM,CAAC,CAAC;oBAChC,WAAW,CAAC,EAAE,CAAC,QAAQ,EAAE,OAAO,CAAC,CAAC;oBAClC,MAAM,CAAC,IAAI,CAAC,WAAW,CAAC,CAAC;gBAC3B,CAAC,CAAC,CAAC;YACL,CAAC;iBAAM,CAAC;gBACN,MAAM,MAAM,GAAG,MAAM,CAAC,QAAQ,CAAC,MAAM,CAAC,CAAC,CAAC,CAAC,MAAM,CAAC,CAAC,CAAC,MAAM,CAAC,IAAI,CAAC,MAAM,CAAC,CAAC;gBACtE,MAAM,IAAI,CAAC,IAAI,CAAC,MAAM,EAAE;oBACtB,QAAQ,EAAE,EAAE,WAAW,EAAE;oBACzB,OAAO,EAAE,IAAI;iBACd,CAAC,CAAC;YACL,CAAC;YACD,WAAG,CAAC,IAAI,CAAC,YAAY,UAAU,eAAe,CAAC,CAAC;YAChD,OAAO;QACT,CAAC;QAAC,OAAO,KAAK,EAAE,CAAC;YACf,OAAO,EAAE,CAAC;YACV,IAAI,OAAO,IAAI,UAAU,EAAE,CAAC;gBAC1B,MAAM,IAAI,KAAK,CAAC,uBAAuB,UAAU,cAAc,KAAK,EAAE,CAAC,CAAC;YAC1E,CAAC;YAGD,MAAM,KAAK,GAAG,IAAI,CAAC,GAAG,CAAC,CAAC,EAAE,OAAO,CAAC,GAAG,IAAI,CAAC;YAC1C,WAAG,CAAC,IAAI,CAAC,kBAAkB,OAAO,wBAAwB,KAAK,OAAO,KAAK,EAAE,CAAC,CAAC;YAC/E,MAAM,IAAI,OAAO,CAAC,OAAO,CAAC,EAAE,CAAC,UAAU,CAAC,OAAO,EAAE,KAAK,CAAC,CAAC,CAAC;QAC3D,CAAC;IACH,CAAC;AACH,CAAC;AAED;;;;;;GAMG;AACI,KAAK,UAAU,eAAe,CACnC,QAAa,EACb,SAAiB,EACjB,OAAe;IAEf,MAAM,UAAU,GAAG,MAAM,mBAAmB,CAAC,QAAQ,CAAC,CAAC;IAEvD,MAAM,OAAO,GAAG,EAAE,SAAS,EAAE,OAAO,EAAE,CAAC;IACvC,MAAM,KAAK,GAAG,MAAM,SAAS,CAAC,GAAG,EAAE,CAAC,UAAU,CAAC,aAAa,CAAC,OAAO,CAAC,EAAE,eAAe,CAAU,CAAC;IAEjG,uCAAuC;IACvC,MAAM,WAAW,GAAG,CAAC,OAAO,CAAC,GAAG,CAAC,mBAAmB,IAAI,GAAG,CAAC,KAAK,GAAG,CAAC,CAAC,CAAC,EAAE,CAAC,CAAC,CAAC,CAAC,OAAO,CAAC,GAAG,CAAC,mBAAmB,IAAI,GAAG,CAAC,CAAC,KAAK,CAAC,GAAG,CAAC,CAAC,GAAG,CAAC,CAAC,CAAC,EAAE,CAAC,CAAC,CAAC,IAAI,EAAE,CAAC,WAAW,EAAE,CAAC,CAAC;IACjK,MAAM,WAAW,GAAG,CAAC,OAAO,CAAC,GAAG,CAAC,mBAAmB,IAAI,EAAE,CAAC,CAAC,KAAK,CAAC,GAAG,CAAC,CAAC,GAAG,CAAC,CAAC,CAAC,EAAE,CAAC,CAAC,CAAC,IAAI,EAAE,CAAC,WAAW,EAAE,CAAC,CAAC;IAExG,OAAO,KAAK;SACT,MAAM,CAAC,CAAC,IAAS,EAAE,EAAE;QACpB,MAAM,GAAG,GAAG,CAAC,IAAI,CAAC,UAAU,IAAI,SAAS,CAAC,CAAC,WAAW,EAAE,CAAC;QACzD,IAAI,WAAW,CAAC,MAAM,GAAG,CAAC,IAAI,CAAC,WAAW,CAAC,QAAQ,CAAC,GAAG,CAAC;YAAE,OAAO,KAAK,CAAC;QACvE,IAAI,WAAW,CAAC,QAAQ,CAAC,GAAG,CAAC;YAAE,OAAO,KAAK,CAAC;QAC5C,OAAO,IAAI,CAAC;IACd,CAAC,CAAC;SACD,GAAG,CAAC,CAAC,IAAS,EAAE,EAAE,CAAC,CAAC;QACnB,EAAE,EAAE,IAAI,CAAC,EAAE;QACX,UAAU,EAAE,IAAI,CAAC,UAAU,IAAI,SAAS;QACxC,SAAS,EAAE,IAAI,IAAI,CAAC,IAAI,CAAC,SAAS,CAAC;QACnC,OAAO,EAAE,IAAI,IAAI,CAAC,IAAI,CAAC,OAAO,CAAC;QAC/B,QAAQ,EAAE,IAAI,CAAC,QAAQ,IAAI,WAAW;KACvC,CAAC,CAAC,CAAC;AACR,CAAC;AAED;;GAEG;AACH,KAAK,UAAU,IAAI;IACjB,WAAG,CAAC,IAAI,CAAC,sBAAsB,IAAI,IAAI,EAAE,CAAC,WAAW,EAAE,EAAE,CAAC,CAAC;IAE3D,MAAM,SAAS,GAAG,MAAM,iBAAiB,EAAE,CAAC;IAC5C,MAAM,OAAO,GAAG,IAAI,CAAC,GAAG,EAAE,CAAC;IAC3B,IAAI,eAAe,GAAG,SAAS,CAAC;IAEhC,IAAI,CAAC;QACH,4EAA4E;QAC5E,MAAM,QAAQ,GAAQ,MAAM,IAAA,kBAAU,EAAC;YACrC,IAAI,EAAE,aAAa;YACnB,QAAQ,EAAE,aAAa;YACvB,QAAQ,EAAE,iBAAiB;YAC3B,kBAAkB,EAAE,CAAC,iBAAiB;SACvC,CAAC,CAAC;QAEH,oBAAoB;QACpB,MAAM,QAAQ,GAAG,MAAM,eAAe,CAAC,QAAQ,EAAE,SAAS,EAAE,OAAO,CAAC,CAAC;QACrE,IAAI,QAAQ,CAAC,MAAM,KAAK,CAAC,EAAE,CAAC;YAC1B,WAAG,CAAC,IAAI,CAAC,oBAAoB,CAAC,CAAC;YAC/B,OAAO;QACT,CAAC;QAED,WAAG,CAAC,IAAI,CAAC,SAAS,QAAQ,CAAC,MAAM,YAAY,CAAC,CAAC;QAE/C,oBAAoB;QACpB,MAAM,OAAO,GAAG,eAAe,EAAE,CAAC;QAClC,MAAM,MAAM,GAAG,OAAO,CAAC,MAAM,CAAC,eAAyB,CAAC,CAAC;QAEzD,mDAAmD;QACnD,MAAM,KAAK,GAAG,IAAA,iBAAM,EAAC,sBAAsB,CAAC,CAAC;QAC7C,MAAM,eAAe,GAAG,QAAQ;aAC7B,IAAI,CAAC,CAAC,CAAC,EAAE,CAAC,EAAE,EAAE,CAAC,CAAC,CAAC,SAAS,CAAC,OAAO,EAAE,GAAG,CAAC,CAAC,SAAS,CAAC,OAAO,EAAE,CAAC;aAC7D,GAAG,CAAC,IAAI,CAAC,EAAE,CACV,KAAK,CAAC,KAAK,IAAI,EAAE;YACf,IAAI,CAAC;gBACH,wEAAwE;gBACxE,MAAM,CAAC,GAAG,IAAI,IAAI,CAAC,IAAI,CAAC,SAAS,CAAC,CAAC;gBACnC,MAAM,CAAC,GAAG,CAAC,CAAC,cAAc,EAAE,CAAC;gBAC7B,MAAM,CAAC,GAAG,MAAM,CAAC,CAAC,CAAC,WAAW,EAAE,GAAG,CAAC,CAAC,CAAC,QAAQ,CAAC,CAAC,EAAE,GAAG,CAAC,CAAC;gBACvD,MAAM,GAAG,GAAG,MAAM,CAAC,CAAC,CAAC,UAAU,EAAE,CAAC,CAAC,QAAQ,CAAC,CAAC,EAAE,GAAG,CAAC,CAAC;gBACpD,MAAM,EAAE,GAAG,MAAM,CAAC,CAAC,CAAC,WAAW,EAAE,CAAC,CAAC,QAAQ,CAAC,CAAC,EAAE,GAAG,CAAC,CAAC;gBACpD,MAAM,EAAE,GAAG,MAAM,CAAC,CAAC,CAAC,aAAa,EAAE,CAAC,CAAC,QAAQ,CAAC,CAAC,EAAE,GAAG,CAAC,CAAC;gBACtD,MAAM,EAAE,GAAG,MAAM,CAAC,CAAC,CAAC,aAAa,EAAE,CAAC,CAAC,QAAQ,CAAC,CAAC,EAAE,GAAG,CAAC,CAAC;gBACtD,MAAM,UAAU,GAAG,GAAG,IAAI,CAAC,UAAU,IAAI,CAAC,IAAI,CAAC,IAAI,GAAG,IAAI,EAAE,IAAI,EAAE,IAAI,EAAE,MAAM,CAAC;gBAE/E,WAAG,CAAC,IAAI,CAAC,mBAAmB,IAAI,CAAC,EAAE,QAAQ,UAAU,EAAE,CAAC,CAAC;gBAEzD,MAAM,UAAU,GAAG,mBAAmB,CAAC,QAAQ,CAAC,CAAC;gBACjD,MAAM,WAAW,GAAG,MAAM,SAAS,CAAC,GAAG,EAAE,CAAC,UAAU,CAAC,YAAY,CAAC,IAAI,CAAC,EAAE,CAAC,EAAE,cAAc,CAAC,CAAC;gBAE5F,uFAAuF;gBACvF,MAAM,MAAM,GAAI,WAAmB,CAAC,WAAW,IAAI,WAAW,CAAC;gBAE/D,oBAAoB;gBACpB,MAAM,oBAAoB,CAAC,MAAM,EAAE,UAAU,EAAE,MAAM,EAAE,IAAI,CAAC,QAAQ,CAAC,CAAC;gBAEtE,0BAA0B;gBAC1B,IAAI,IAAI,CAAC,OAAO,CAAC,OAAO,EAAE,GAAG,eAAe,EAAE,CAAC;oBAC7C,eAAe,GAAG,IAAI,CAAC,OAAO,CAAC,OAAO,EAAE,CAAC;gBAC3C,CAAC;YACH,CAAC;YAAC,OAAO,KAAK,EAAE,CAAC;gBACf,WAAG,CAAC,KAAK,CAAC,0BAA0B,IAAI,CAAC,EAAE,KAAK,KAAK,EAAE,CAAC,CAAC;gBACzD,0CAA0C;gBAC1C,MAAM,KAAK,CAAC,CAAC,2CAA2C;YAC1D,CAAC;QACH,CAAC,CAAC,CACH,CAAC;QAEJ,MAAM,OAAO,GAAG,MAAM,OAAO,CAAC,UAAU,CAAC,eAAe,CAAC,CAAC;QAC1D,MAAM,QAAQ,GAAG,OAAO,CAAC,MAAM,CAAC,CAAC,CAAC,EAAE,CAAC,CAAC,CAAC,MAAM,KAAK,UAAU,CAAC,CAAC,MAAM,CAAC;QACrE,IAAI,QAAQ,GAAG,CAAC,EAAE,CAAC;YACjB,WAAG,CAAC,IAAI,CAAC,GAAG,QAAQ,0BAA0B,CAAC,CAAC;QAClD,CAAC;QAED,qCAAqC;QACrC,IAAI,eAAe,GAAG,SAAS,EAAE,CAAC;YAChC,MAAM,mBAAmB,CAAC,eAAe,CAAC,CAAC;YAC3C,WAAG,CAAC,IAAI,CAAC,sCAAsC,IAAI,IAAI,CAAC,eAAe,CAAC,CAAC,WAAW,EAAE,EAAE,CAAC,CAAC;QAC5F,CAAC;aAAM,CAAC;YACN,WAAG,CAAC,IAAI,CAAC,wCAAwC,CAAC,CAAC;QACrD,CAAC;IACH,CAAC;IAAC,OAAO,KAAK,EAAE,CAAC;QACf,WAAG,CAAC,KAAK,CAAC,kBAAkB,KAAK,EAAE,CAAC,CAAC;QACrC,MAAM,KAAK,CAAC;IACd,CAAC;AACH,CAAC;AAED,qBAAqB;AACrB,IAAI,OAAO,CAAC,IAAI,KAAK,MAAM,EAAE,CAAC;IAC5B,IAAI,EAAE,CAAC,KAAK,CAAC,GAAG,CAAC,EAAE,CAAC,WAAG,CAAC,KAAK,CAAC,GAAG,CAAC,CAAC,CAAC;AACtC,CAAC","sourcesContent":["// Scrypted NVR to Google Cloud Storage Backup Script\n// Automated hourly backup of video clips with 7-day retention\n\nimport * as fs from 'fs/promises';\n\nimport { Storage } from '@google-cloud/storage';\nimport * as dotenv from 'dotenv';\nimport pLimit from 'p-limit';\n\n// Load environment variables\ndotenv.config();\n\n// Helper to lazily require the @scrypted/sdk runtime if available\nexport function getScryptedRuntime(): any | undefined {\n  if (process.env.NODE_ENV === 'test') {\n    // eslint-disable-next-line @typescript-eslint/no-var-requires\n    const { PassThrough } = require('stream');\n    return {\n      deviceManager: {\n        getDevices: () => [\n          {\n            interfaces: ['VideoClips'],\n            videoClips: {\n              getVideoClips: async (options: any) => {\n                const mockClips = [\n                  { id: 'front1', cameraName: 'front', startTime: 1, endTime: 2, mimeType: 'video/mp4' },\n                  { id: 'back1', cameraName: 'back', startTime: 3, endTime: 4, mimeType: 'video/mp4' },\n                  { id: 'side1', cameraName: 'side', startTime: 5, endTime: 6, mimeType: 'video/mp4' }\n                ];\n                const { startTime = 0, endTime = Infinity } = options || {};\n                return mockClips.filter(clip => clip.startTime >= startTime && clip.endTime <= endTime);\n              },\n              getVideoClip: async (id: string) => ({\n                id,\n                mediaStream: new PassThrough()\n              })\n            }\n          }\n        ]\n      }\n    };\n  }\n  try {\n    // eslint-disable-next-line @typescript-eslint/no-var-requires\n    return require('@scrypted/sdk');\n  } catch (e) {\n    return undefined;\n  }\n}\n\n// connectSdk will attempt to use the runtime connect if present\nexport const connectSdk: (opts: any) => Promise<any> = async (opts: any) => {\n  const Scrypted = getScryptedRuntime();\n  const connect = (Scrypted as any)?.connect ?? (Scrypted as any)?.default ?? (Scrypted as any);\n  if (typeof connect === 'function')\n    return connect(opts);\n  return connect;\n};\n\n// No longer need connectSdk shim\n\nconst STATE_FILE = process.env.STATE_FILE_PATH || './backup-state.json';\nconst SCRYPTED_HOST = process.env.SCRYPTED_HOST || 'https://192.168.10.7:10443';\nconst SCRYPTED_USER = process.env.SCRYPTED_USER;\nconst SCRYPTED_PASSWORD = process.env.SCRYPTED_PASSWORD;\nconst ALLOW_SELF_SIGNED = process.env.ALLOW_SELF_SIGNED === 'true';\nconst GCS_PROJECT_ID = process.env.GCS_PROJECT_ID;\nconst GCS_BUCKET_NAME = process.env.GCS_BUCKET_NAME;\nconst GCS_KEYFILE_PATH = process.env.GCS_KEYFILE_PATH;\nconst LOG_LEVEL = (process.env.LOG_LEVEL || 'info').toLowerCase();\n\n\nconst MAX_CONCURRENT_UPLOADS = parseInt(process.env.MAX_CONCURRENT_UPLOADS || '3', 10) || 3;\n\ntype LogLevel = 'debug' | 'info' | 'warn' | 'error';\nconst levelOrder: Record<LogLevel, number> = { debug: 10, info: 20, warn: 30, error: 40 };\nconst currentLevel = levelOrder[(LOG_LEVEL as LogLevel)] ?? 20;\nexport const log = {\n  debug: (...args: any[]) => { if (currentLevel <= 10) console.debug('[DEBUG]', ...args); },\n  info:  (...args: any[]) => { if (currentLevel <= 20) console.info('[INFO]', ...args); },\n  warn:  (...args: any[]) => { if (currentLevel <= 30) console.warn('[WARN]', ...args); },\n  error: (...args: any[]) => { if (currentLevel <= 40) console.error('[ERROR]', ...args); },\n};\n\nconst sleep = (ms: number) => new Promise(resolve => setTimeout(resolve, ms));\nasync function withRetry<T>(fn: () => Promise<T>, label: string, attempts = 3): Promise<T> {\n  let lastErr: any;\n  for (let i = 1; i <= attempts; i++) {\n    try {\n      return await fn();\n    } catch (err) {\n      lastErr = err;\n      if (i === attempts) break;\n      const delay = Math.pow(2, i) * 1000;\n      log.warn(`${label} attempt ${i} failed, retrying in ${delay}ms:`, err);\n      await sleep(delay);\n    }\n  }\n  throw new Error(`${label} failed after ${attempts} attempts: ${lastErr}`);\n}\n\n\n/**\n * Gets the VideoClips device from Scrypted.\n * @param scrypted - Connected Scrypted runtime\n * @returns The videoClips object\n */\nfunction getVideoClipsDevice(scrypted: any): any {\n  if (process.env.NODE_ENV === 'test') {\n    const testDevices = scrypted.deviceManager.getDevices();\n    const testVideoClipsDevices = testDevices.filter((d: any) => 'videoClips' in d);\n    if (testVideoClipsDevices.length === 0) {\n      throw new Error('No VideoClips device found');\n    }\n    return testVideoClipsDevices[0].videoClips;\n  }\n  const devices: any[] = scrypted.getDevices();\n  const videoClipsDevices = devices\n    .filter((device: any) => {\n      const interfaces = device.interfaces as string[] || [];\n      let iface: any;\n      try {\n        const ScryptedRuntime = getScryptedRuntime();\n        iface = (ScryptedRuntime as any)?.ScryptedInterface;\n      } catch (e) {\n        iface = undefined;\n      }\n      return interfaces.includes(iface?.VideoClips) || interfaces.includes('VideoClips');\n    })\n    .filter((d: any) => 'videoClips' in d);\n\n  if (videoClipsDevices.length === 0) {\n    throw new Error('No VideoClips device found');\n  }\n\n  return videoClipsDevices[0].videoClips;\n}\n\n\n\n\n// Interfaces for types\ninterface BackupState {\n  lastTimestamp: number; // Unix timestamp in ms\n}\n\ninterface ClipMetadata {\n  id: string;\n  cameraName: string;\n  startTime: Date;\n  endTime: Date;\n  mimeType: string;\n}\n\n/**\n * Reads the last backup timestamp from state file.\n * Defaults to 24 hours ago if no state exists.\n * @returns Promise<number> Last timestamp in ms\n */\nasync function readLastTimestamp(): Promise<number> {\n  try {\n    const data = await fs.readFile(STATE_FILE, 'utf8');\n    const state: BackupState = JSON.parse(data);\n    return state.lastTimestamp;\n  } catch (error) {\n    console.warn('No state file found, starting from 24 hours ago');\n    const now = Date.now();\n    return now - (24 * 60 * 60 * 1000);\n  }\n}\n\n/**\n * Updates the state file with the latest successful timestamp.\n * @param timestamp - Unix timestamp in ms\n */\nasync function updateLastTimestamp(timestamp: number): Promise<void> {\n  const state: BackupState = { lastTimestamp: timestamp };\n  await fs.writeFile(STATE_FILE, JSON.stringify(state, null, 2));\n}\n\n/**\n * Creates GCS storage client.\n * @returns Storage client instance\n */\nfunction createGCSClient() {\n  if (!GCS_PROJECT_ID || !GCS_BUCKET_NAME || !GCS_KEYFILE_PATH) {\n    throw new Error('GCS configuration missing: PROJECT_ID, BUCKET_NAME, KEYFILE_PATH');\n  }\n  return new Storage({\n    projectId: GCS_PROJECT_ID,\n    keyFilename: GCS_KEYFILE_PATH,\n  });\n}\n\n/**\n * Uploads a media stream to GCS with retry logic.\n * Uses exponential backoff up to 3 attempts.\n * @param bucket - GCS bucket\n * @param objectName - Object key in bucket\n * @param stream - Readable stream of video data\n * @param contentType - MIME type (e.g., 'video/mp4')\n * @returns Promise<void>\n */\nasync function uploadToGCSWithRetry(\n  bucket: any,\n  objectName: string,\n  stream: any,\n  contentType: string\n): Promise<void> {\n  if (process.env.DRY_RUN === 'true') {\n    log.info(`DRY RUN: Skipping upload of ${objectName}`);\n    return;\n  }\n\n  const maxRetries = 3;\n  let attempt = 0;\n  while (attempt < maxRetries) {\n    try {\n      const file = bucket.file(objectName);\n      if (stream && typeof stream.pipe === 'function') {\n        await new Promise<void>((resolve, reject) => {\n          const writeStream = file.createWriteStream({ resumable: false, contentType });\n          stream.on('error', reject);\n          writeStream.on('error', reject);\n          writeStream.on('finish', resolve);\n          stream.pipe(writeStream);\n        });\n      } else {\n        const buffer = Buffer.isBuffer(stream) ? stream : Buffer.from(stream);\n        await file.save(buffer, {\n          metadata: { contentType },\n          private: true,\n        });\n      }\n      log.info(`Uploaded ${objectName} successfully`);\n      return;\n    } catch (error) {\n      attempt++;\n      if (attempt >= maxRetries) {\n        throw new Error(`Upload failed after ${maxRetries} attempts: ${error}`);\n      }\n\n\n      const delay = Math.pow(2, attempt) * 1000;\n      log.warn(`Upload attempt ${attempt} failed, retrying in ${delay}ms: ${error}`);\n      await new Promise(resolve => setTimeout(resolve, delay));\n    }\n  }\n}\n\n/**\n * Extracts new clips from Scrypted using VideoClips interface.\n * @param scrypted - Connected Scrypted runtime\n * @param startTime - Start timestamp in ms\n * @param endTime - End timestamp in ms\n * @returns Promise<ClipMetadata[]>\n */\nexport async function extractNewClips(\n  scrypted: any,\n  startTime: number,\n  endTime: number\n): Promise<ClipMetadata[]> {\n  const videoClips = await getVideoClipsDevice(scrypted);\n\n  const options = { startTime, endTime };\n  const clips = await withRetry(() => videoClips.getVideoClips(options), 'getVideoClips') as any[];\n\n  // Filter clips by camera if configured\n  const includeList = (process.env.CAMERA_INCLUDE_LIST || '*') === '*' ? [] : (process.env.CAMERA_INCLUDE_LIST || '*').split(',').map(c => c.trim().toLowerCase());\n  const excludeList = (process.env.CAMERA_EXCLUDE_LIST || '').split(',').map(c => c.trim().toLowerCase());\n\n  return clips\n    .filter((clip: any) => {\n      const cam = (clip.cameraName || 'unknown').toLowerCase();\n      if (includeList.length > 0 && !includeList.includes(cam)) return false;\n      if (excludeList.includes(cam)) return false;\n      return true;\n    })\n    .map((clip: any) => ({\n      id: clip.id,\n      cameraName: clip.cameraName || 'unknown',\n      startTime: new Date(clip.startTime),\n      endTime: new Date(clip.endTime),\n      mimeType: clip.mimeType || 'video/mp4',\n    }));\n}\n\n/**\n * Main backup execution.\n */\nasync function main(): Promise<void> {\n  log.info(`Starting backup at ${new Date().toISOString()}`);\n\n  const startTime = await readLastTimestamp();\n  const endTime = Date.now();\n  let latestTimestamp = startTime;\n\n  try {\n    // Connect to Scrypted using compat connect shim, keep runtime loosely typed\n    const scrypted: any = await connectSdk({\n      host: SCRYPTED_HOST,\n      username: SCRYPTED_USER,\n      password: SCRYPTED_PASSWORD,\n      rejectUnauthorized: !ALLOW_SELF_SIGNED,\n    });\n\n    // Extract new clips\n    const newClips = await extractNewClips(scrypted, startTime, endTime);\n    if (newClips.length === 0) {\n      log.info('No new clips found');\n      return;\n    }\n\n    log.info(`Found ${newClips.length} new clips`);\n\n    // Create GCS client\n    const storage = createGCSClient();\n    const bucket = storage.bucket(GCS_BUCKET_NAME as string);\n\n    // Process clips in parallel with concurrency limit\n    const limit = pLimit(MAX_CONCURRENT_UPLOADS);\n    const processPromises = newClips\n      .sort((a, b) => a.startTime.getTime() - b.startTime.getTime())\n      .map(clip =>\n        limit(async () => {\n          try {\n            // Generate hierarchical UTC object name: camera/yyyy/MM/dd/HH-mm-ss.mp4\n            const d = new Date(clip.startTime);\n            const y = d.getUTCFullYear();\n            const m = String(d.getUTCMonth() + 1).padStart(2, '0');\n            const day = String(d.getUTCDate()).padStart(2, '0');\n            const hh = String(d.getUTCHours()).padStart(2, '0');\n            const mm = String(d.getUTCMinutes()).padStart(2, '0');\n            const ss = String(d.getUTCSeconds()).padStart(2, '0');\n            const objectName = `${clip.cameraName}/${y}/${m}/${day}/${hh}-${mm}-${ss}.mp4`;\n\n            log.info(`Processing clip ${clip.id} for ${objectName}`);\n\n            const videoClips = getVideoClipsDevice(scrypted);\n            const mediaObject = await withRetry(() => videoClips.getVideoClip(clip.id), 'getVideoClip');\n\n            // Get stream - best-effort, assuming mediaObject has mediaStream or is a stream itself\n            const stream = (mediaObject as any).mediaStream || mediaObject;\n\n            // Upload with retry\n            await uploadToGCSWithRetry(bucket, objectName, stream, clip.mimeType);\n\n            // Update latest timestamp\n            if (clip.endTime.getTime() > latestTimestamp) {\n              latestTimestamp = clip.endTime.getTime();\n            }\n          } catch (error) {\n            log.error(`Failed to process clip ${clip.id}: ${error}`);\n            // Do not update timestamp; retry next run\n            throw error; // Re-throw to track failures in allSettled\n          }\n        })\n      );\n\n    const results = await Promise.allSettled(processPromises);\n    const failures = results.filter(r => r.status === 'rejected').length;\n    if (failures > 0) {\n      log.warn(`${failures} clips failed to process`);\n    }\n\n    // Update state only if progress made\n    if (latestTimestamp > startTime) {\n      await updateLastTimestamp(latestTimestamp);\n      log.info(`Backup completed, state updated to ${new Date(latestTimestamp).toISOString()}`);\n    } else {\n      log.warn('No successful uploads; state unchanged');\n    }\n  } catch (error) {\n    log.error(`Backup failed: ${error}`);\n    throw error;\n  }\n}\n\n// Run if main module\nif (require.main === module) {\n  main().catch(err => log.error(err));\n}\n\nexport { main, readLastTimestamp, updateLastTimestamp, withRetry, uploadToGCSWithRetry, getVideoClipsDevice, createGCSClient };"]},"_coverageSchema":"1a1c01bbd47fc00a2c39e90264f33305004495a9","hash":"3c7c88fec7f4e1c6452af6e19b954577208c1f66"}}