TN:
SF:src/backup.ts
FN:14,getScryptedRuntime
FN:20,(anonymous_11)
FN:24,(anonymous_12)
FN:31,(anonymous_13)
FN:33,(anonymous_14)
FN:52,(anonymous_15)
FN:79,(anonymous_16)
FN:80,(anonymous_17)
FN:81,(anonymous_18)
FN:82,(anonymous_19)
FN:85,(anonymous_20)
FN:85,(anonymous_21)
FN:86,withRetry
FN:108,getVideoClipsDevice
FN:111,(anonymous_24)
FN:119,(anonymous_25)
FN:130,(anonymous_26)
FN:160,readLastTimestamp
FN:176,updateLastTimestamp
FN:185,createGCSClient
FN:204,uploadToGCSWithRetry
FN:221,(anonymous_31)
FN:246,(anonymous_32)
FN:258,extractNewClips
FN:266,(anonymous_34)
FN:269,(anonymous_35)
FN:270,(anonymous_36)
FN:273,(anonymous_37)
FN:279,(anonymous_38)
FN:291,main
FN:323,(anonymous_40)
FN:324,(anonymous_41)
FN:325,(anonymous_42)
FN:340,(anonymous_43)
FN:361,(anonymous_44)
FN:381,(anonymous_45)
FNF:36
FNH:22
FNDA:1,getScryptedRuntime
FNDA:1,(anonymous_11)
FNDA:1,(anonymous_12)
FNDA:3,(anonymous_13)
FNDA:0,(anonymous_14)
FNDA:1,(anonymous_15)
FNDA:0,(anonymous_16)
FNDA:5,(anonymous_17)
FNDA:3,(anonymous_18)
FNDA:0,(anonymous_19)
FNDA:3,(anonymous_20)
FNDA:3,(anonymous_21)
FNDA:7,withRetry
FNDA:5,getVideoClipsDevice
FNDA:5,(anonymous_24)
FNDA:0,(anonymous_25)
FNDA:0,(anonymous_26)
FNDA:1,readLastTimestamp
FNDA:0,updateLastTimestamp
FNDA:0,createGCSClient
FNDA:3,uploadToGCSWithRetry
FNDA:1,(anonymous_31)
FNDA:0,(anonymous_32)
FNDA:5,extractNewClips
FNDA:5,(anonymous_34)
FNDA:3,(anonymous_35)
FNDA:5,(anonymous_36)
FNDA:12,(anonymous_37)
FNDA:7,(anonymous_38)
FNDA:1,main
FNDA:0,(anonymous_40)
FNDA:0,(anonymous_41)
FNDA:0,(anonymous_42)
FNDA:0,(anonymous_43)
FNDA:0,(anonymous_44)
FNDA:0,(anonymous_45)
DA:4,2
DA:6,2
DA:7,2
DA:8,2
DA:11,2
DA:14,2
DA:15,1
DA:17,1
DA:18,1
DA:20,1
DA:25,1
DA:30,1
DA:31,3
DA:33,0
DA:43,0
DA:45,0
DA:47,0
DA:52,2
DA:53,1
DA:54,1
DA:55,1
DA:56,0
DA:57,1
DA:62,2
DA:63,2
DA:64,2
DA:65,2
DA:66,2
DA:67,2
DA:68,2
DA:69,2
DA:70,2
DA:73,2
DA:76,2
DA:77,2
DA:78,2
DA:79,0
DA:80,5
DA:81,3
DA:82,0
DA:85,3
DA:88,7
DA:89,10
DA:90,10
DA:92,4
DA:93,4
DA:94,3
DA:95,3
DA:96,3
DA:99,1
DA:109,5
DA:110,5
DA:111,5
DA:112,5
DA:113,0
DA:115,5
DA:117,0
DA:118,0
DA:120,0
DA:122,0
DA:123,0
DA:124,0
DA:126,0
DA:128,0
DA:130,0
DA:132,0
DA:133,0
DA:136,0
DA:161,1
DA:162,1
DA:163,0
DA:164,0
DA:166,1
DA:167,1
DA:168,1
DA:177,0
DA:178,0
DA:186,0
DA:187,0
DA:189,0
DA:210,3
DA:211,1
DA:212,1
DA:215,2
DA:216,2
DA:217,2
DA:218,2
DA:219,2
DA:220,2
DA:221,1
DA:222,1
DA:223,1
DA:224,1
DA:225,1
DA:226,1
DA:229,1
DA:230,1
DA:235,2
DA:236,2
DA:238,0
DA:239,0
DA:240,0
DA:244,0
DA:245,0
DA:246,0
DA:258,2
DA:263,5
DA:265,5
DA:266,5
DA:269,5
DA:270,5
DA:272,5
DA:274,12
DA:275,12
DA:276,9
DA:277,7
DA:279,7
DA:292,1
DA:294,1
DA:295,1
DA:296,1
DA:298,1
DA:300,1
DA:308,1
DA:309,1
DA:310,1
DA:311,1
DA:314,0
DA:317,0
DA:318,0
DA:321,0
DA:322,0
DA:323,0
DA:325,0
DA:326,0
DA:328,0
DA:329,0
DA:330,0
DA:331,0
DA:332,0
DA:333,0
DA:334,0
DA:335,0
DA:337,0
DA:339,0
DA:340,0
DA:343,0
DA:346,0
DA:349,0
DA:350,0
DA:353,0
DA:355,0
DA:360,0
DA:361,0
DA:362,0
DA:363,0
DA:367,0
DA:368,0
DA:369,0
DA:371,0
DA:374,0
DA:375,0
DA:380,2
DA:381,0
DA:384,2
LF:165
LH:96
BRDA:15,0,0,1
BRDA:30,1,0,0
BRDA:30,2,0,0
BRDA:30,3,0,1
BRDA:30,3,1,0
BRDA:31,4,0,3
BRDA:31,4,1,0
BRDA:54,5,0,1
BRDA:54,5,1,1
BRDA:54,5,2,1
BRDA:55,6,0,0
BRDA:62,7,0,2
BRDA:62,7,1,2
BRDA:63,8,0,2
BRDA:63,8,1,1
BRDA:70,9,0,2
BRDA:70,9,1,2
BRDA:73,10,0,2
BRDA:73,10,1,0
BRDA:73,11,0,2
BRDA:73,11,1,2
BRDA:77,12,0,2
BRDA:77,12,1,0
BRDA:79,13,0,0
BRDA:80,14,0,5
BRDA:81,15,0,3
BRDA:82,16,0,0
BRDA:86,17,0,5
BRDA:93,18,0,1
BRDA:109,19,0,5
BRDA:112,20,0,0
BRDA:120,21,0,0
BRDA:120,21,1,0
BRDA:128,22,0,0
BRDA:128,22,1,0
BRDA:132,23,0,0
BRDA:186,24,0,0
BRDA:186,25,0,0
BRDA:186,25,1,0
BRDA:186,25,2,0
BRDA:210,26,0,1
BRDA:220,27,0,1
BRDA:220,27,1,1
BRDA:220,28,0,2
BRDA:220,28,1,2
BRDA:229,29,0,1
BRDA:229,29,1,0
BRDA:239,30,0,0
BRDA:269,31,0,3
BRDA:269,31,1,2
BRDA:269,32,0,5
BRDA:269,32,1,2
BRDA:269,33,0,2
BRDA:269,33,1,0
BRDA:270,34,0,5
BRDA:270,34,1,3
BRDA:274,35,0,12
BRDA:274,35,1,0
BRDA:275,36,0,3
BRDA:275,37,0,12
BRDA:275,37,1,6
BRDA:276,38,0,2
BRDA:281,39,0,7
BRDA:281,39,1,0
BRDA:284,40,0,7
BRDA:284,40,1,0
BRDA:309,41,0,1
BRDA:343,42,0,0
BRDA:343,42,1,0
BRDA:349,43,0,0
BRDA:362,44,0,0
BRDA:367,45,0,0
BRDA:367,45,1,0
BRDA:380,46,0,0
BRF:74
BRH:42
end_of_record
TN:
SF:src/verify.ts
FN:60,(anonymous_9)
FN:61,(anonymous_10)
FN:62,(anonymous_11)
FN:63,(anonymous_12)
FN:66,(anonymous_13)
FN:66,(anonymous_14)
FN:69,testScryptedConnection
FN:80,(anonymous_16)
FN:97,testGCSConnection
FN:120,verifyGCSLifecyclePolicy
FN:142,(anonymous_19)
FN:160,runDryRunBackup
FN:164,(anonymous_21)
FN:186,mainVerification
FNF:14
FNH:9
FNDA:0,(anonymous_9)
FNDA:14,(anonymous_10)
FNDA:2,(anonymous_11)
FNDA:4,(anonymous_12)
FNDA:0,(anonymous_13)
FNDA:0,(anonymous_14)
FNDA:3,testScryptedConnection
FNDA:1,(anonymous_16)
FNDA:3,testGCSConnection
FNDA:3,verifyGCSLifecyclePolicy
FNDA:2,(anonymous_19)
FNDA:1,runDryRunBackup
FNDA:0,(anonymous_21)
FNDA:0,mainVerification
DA:5,1
DA:7,1
DA:14,1
DA:15,1
DA:16,1
DA:17,1
DA:19,0
DA:22,0
DA:24,0
DA:25,0
DA:27,0
DA:29,0
DA:30,0
DA:32,0
DA:33,0
DA:37,1
DA:38,1
DA:39,1
DA:40,1
DA:41,1
DA:45,1
DA:47,1
DA:48,1
DA:49,1
DA:50,1
DA:51,1
DA:52,1
DA:53,1
DA:54,1
DA:57,1
DA:58,1
DA:59,1
DA:60,0
DA:61,14
DA:62,2
DA:63,4
DA:66,1
DA:70,3
DA:71,3
DA:72,3
DA:79,3
DA:80,3
DA:81,1
DA:82,1
DA:85,3
DA:86,2
DA:87,2
DA:89,1
DA:90,1
DA:92,0
DA:93,0
DA:98,3
DA:99,3
DA:100,3
DA:101,3
DA:103,3
DA:104,1
DA:105,1
DA:107,2
DA:111,2
DA:112,1
DA:113,1
DA:115,1
DA:116,1
DA:121,3
DA:122,3
DA:123,3
DA:124,3
DA:126,3
DA:127,0
DA:128,0
DA:130,3
DA:134,3
DA:135,3
DA:137,3
DA:138,1
DA:139,1
DA:142,2
DA:143,2
DA:147,2
DA:148,1
DA:149,1
DA:151,1
DA:152,1
DA:155,0
DA:156,0
DA:161,1
DA:163,1
DA:164,1
DA:165,0
DA:167,0
DA:168,0
DA:170,0
DA:173,1
DA:174,1
DA:175,1
DA:176,1
DA:178,0
DA:179,0
DA:182,1
DA:187,0
DA:189,0
DA:191,0
DA:192,0
DA:194,0
DA:196,0
DA:197,0
DA:199,0
DA:201,0
DA:202,0
DA:204,0
DA:210,0
DA:211,0
DA:212,0
DA:215,0
DA:216,0
DA:218,0
DA:222,1
DA:223,0
DA:226,1
LF:120
LH:80
BRDA:14,0,0,1
BRDA:14,0,1,0
BRDA:16,1,0,1
BRDA:16,1,1,0
BRDA:24,2,0,0
BRDA:24,2,1,0
BRDA:24,2,2,0
BRDA:24,2,3,0
BRDA:25,3,0,0
BRDA:25,3,1,0
BRDA:39,4,0,1
BRDA:47,5,0,1
BRDA:47,5,1,0
BRDA:54,6,0,1
BRDA:54,6,1,1
BRDA:58,7,0,1
BRDA:58,7,1,0
BRDA:60,8,0,0
BRDA:61,9,0,14
BRDA:62,10,0,2
BRDA:63,11,0,4
BRDA:79,12,0,3
BRDA:79,12,1,0
BRDA:81,13,0,1
BRDA:81,13,1,0
BRDA:82,14,0,1
BRDA:82,14,1,0
BRDA:85,15,0,2
BRDA:100,16,0,3
BRDA:103,17,0,1
BRDA:103,18,0,3
BRDA:103,18,1,2
BRDA:103,18,2,2
BRDA:123,19,0,3
BRDA:126,20,0,0
BRDA:137,21,0,1
BRDA:137,22,0,3
BRDA:137,22,1,2
BRDA:137,22,2,2
BRDA:143,23,0,2
BRDA:143,23,1,2
BRDA:143,23,2,2
BRDA:143,23,3,2
BRDA:147,24,0,1
BRDA:147,24,1,1
BRDA:167,25,0,0
BRDA:167,26,0,0
BRDA:167,26,1,0
BRDA:191,27,0,0
BRDA:196,28,0,0
BRDA:201,29,0,0
BRDA:211,30,0,0
BRDA:215,31,0,0
BRDA:215,31,1,0
BRDA:222,32,0,0
BRF:55
BRH:30
end_of_record
