TN:
SF:src/backup.ts
FN:14,getScryptedRuntime
FN:20,(anonymous_11)
FN:24,(anonymous_12)
FN:31,(anonymous_13)
FN:33,(anonymous_14)
FN:52,(anonymous_15)
FN:79,(anonymous_16)
FN:80,(anonymous_17)
FN:81,(anonymous_18)
FN:82,(anonymous_19)
FN:85,(anonymous_20)
FN:85,(anonymous_21)
FN:86,withRetry
FN:108,getVideoClipsDevice
FN:111,(anonymous_24)
FN:119,(anonymous_25)
FN:130,(anonymous_26)
FN:160,readLastTimestamp
FN:176,updateLastTimestamp
FN:185,createGCSClient
FN:204,uploadToGCSWithRetry
FN:221,(anonymous_31)
FN:246,(anonymous_32)
FN:258,extractNewClips
FN:266,(anonymous_34)
FN:269,(anonymous_35)
FN:270,(anonymous_36)
FN:273,(anonymous_37)
FN:279,(anonymous_38)
FN:291,main
FN:323,(anonymous_40)
FN:324,(anonymous_41)
FN:325,(anonymous_42)
FN:340,(anonymous_43)
FN:361,(anonymous_44)
FN:381,(anonymous_45)
FNF:36
FNH:15
FNDA:0,getScryptedRuntime
FNDA:0,(anonymous_11)
FNDA:0,(anonymous_12)
FNDA:0,(anonymous_13)
FNDA:0,(anonymous_14)
FNDA:0,(anonymous_15)
FNDA:0,(anonymous_16)
FNDA:3,(anonymous_17)
FNDA:3,(anonymous_18)
FNDA:0,(anonymous_19)
FNDA:3,(anonymous_20)
FNDA:3,(anonymous_21)
FNDA:6,withRetry
FNDA:4,getVideoClipsDevice
FNDA:4,(anonymous_24)
FNDA:0,(anonymous_25)
FNDA:0,(anonymous_26)
FNDA:0,readLastTimestamp
FNDA:0,updateLastTimestamp
FNDA:0,createGCSClient
FNDA:3,uploadToGCSWithRetry
FNDA:1,(anonymous_31)
FNDA:0,(anonymous_32)
FNDA:4,extractNewClips
FNDA:4,(anonymous_34)
FNDA:3,(anonymous_35)
FNDA:4,(anonymous_36)
FNDA:12,(anonymous_37)
FNDA:7,(anonymous_38)
FNDA:0,main
FNDA:0,(anonymous_40)
FNDA:0,(anonymous_41)
FNDA:0,(anonymous_42)
FNDA:0,(anonymous_43)
FNDA:0,(anonymous_44)
FNDA:0,(anonymous_45)
DA:4,1
DA:6,1
DA:7,1
DA:8,1
DA:11,1
DA:15,0
DA:17,0
DA:18,0
DA:20,0
DA:25,0
DA:30,0
DA:31,0
DA:33,0
DA:43,0
DA:45,0
DA:47,0
DA:52,1
DA:53,0
DA:54,0
DA:55,0
DA:56,0
DA:57,0
DA:62,1
DA:63,1
DA:64,1
DA:65,1
DA:66,1
DA:67,1
DA:68,1
DA:69,1
DA:70,1
DA:73,1
DA:76,1
DA:77,1
DA:78,1
DA:79,0
DA:80,3
DA:81,3
DA:82,0
DA:85,3
DA:88,6
DA:89,9
DA:90,9
DA:92,4
DA:93,4
DA:94,3
DA:95,3
DA:96,3
DA:99,1
DA:109,4
DA:110,4
DA:111,4
DA:112,4
DA:113,0
DA:115,4
DA:117,0
DA:118,0
DA:120,0
DA:122,0
DA:123,0
DA:124,0
DA:126,0
DA:128,0
DA:130,0
DA:132,0
DA:133,0
DA:136,0
DA:161,0
DA:162,0
DA:163,0
DA:164,0
DA:166,0
DA:167,0
DA:168,0
DA:177,0
DA:178,0
DA:186,0
DA:187,0
DA:189,0
DA:210,3
DA:211,1
DA:212,1
DA:215,2
DA:216,2
DA:217,2
DA:218,2
DA:219,2
DA:220,2
DA:221,1
DA:222,1
DA:223,1
DA:224,1
DA:225,1
DA:226,1
DA:229,1
DA:230,1
DA:235,2
DA:236,2
DA:238,0
DA:239,0
DA:240,0
DA:244,0
DA:245,0
DA:246,0
DA:258,1
DA:263,4
DA:265,4
DA:266,4
DA:269,4
DA:270,4
DA:272,4
DA:274,12
DA:275,12
DA:276,9
DA:277,7
DA:279,7
DA:292,0
DA:294,0
DA:295,0
DA:296,0
DA:298,0
DA:300,0
DA:308,0
DA:309,0
DA:310,0
DA:311,0
DA:314,0
DA:317,0
DA:318,0
DA:321,0
DA:322,0
DA:323,0
DA:325,0
DA:326,0
DA:328,0
DA:329,0
DA:330,0
DA:331,0
DA:332,0
DA:333,0
DA:334,0
DA:335,0
DA:337,0
DA:339,0
DA:340,0
DA:343,0
DA:346,0
DA:349,0
DA:350,0
DA:353,0
DA:355,0
DA:360,0
DA:361,0
DA:362,0
DA:363,0
DA:367,0
DA:368,0
DA:369,0
DA:371,0
DA:374,0
DA:375,0
DA:380,1
DA:381,0
DA:384,1
LF:164
LH:69
BRDA:15,0,0,0
BRDA:30,1,0,0
BRDA:30,2,0,0
BRDA:30,3,0,0
BRDA:30,3,1,0
BRDA:31,4,0,0
BRDA:31,4,1,0
BRDA:54,5,0,0
BRDA:54,5,1,0
BRDA:54,5,2,0
BRDA:55,6,0,0
BRDA:62,7,0,1
BRDA:62,7,1,1
BRDA:63,8,0,1
BRDA:63,8,1,1
BRDA:70,9,0,1
BRDA:70,9,1,1
BRDA:73,10,0,1
BRDA:73,10,1,0
BRDA:73,11,0,1
BRDA:73,11,1,1
BRDA:77,12,0,1
BRDA:77,12,1,0
BRDA:79,13,0,0
BRDA:80,14,0,3
BRDA:81,15,0,3
BRDA:82,16,0,0
BRDA:86,17,0,4
BRDA:93,18,0,1
BRDA:109,19,0,4
BRDA:112,20,0,0
BRDA:120,21,0,0
BRDA:120,21,1,0
BRDA:128,22,0,0
BRDA:128,22,1,0
BRDA:132,23,0,0
BRDA:186,24,0,0
BRDA:186,25,0,0
BRDA:186,25,1,0
BRDA:186,25,2,0
BRDA:210,26,0,1
BRDA:220,27,0,1
BRDA:220,27,1,1
BRDA:220,28,0,2
BRDA:220,28,1,2
BRDA:229,29,0,1
BRDA:229,29,1,0
BRDA:239,30,0,0
BRDA:269,31,0,2
BRDA:269,31,1,2
BRDA:269,32,0,4
BRDA:269,32,1,1
BRDA:269,33,0,2
BRDA:269,33,1,0
BRDA:270,34,0,4
BRDA:270,34,1,2
BRDA:274,35,0,12
BRDA:274,35,1,0
BRDA:275,36,0,3
BRDA:275,37,0,12
BRDA:275,37,1,6
BRDA:276,38,0,2
BRDA:281,39,0,7
BRDA:281,39,1,0
BRDA:284,40,0,7
BRDA:284,40,1,0
BRDA:309,41,0,0
BRDA:343,42,0,0
BRDA:343,42,1,0
BRDA:349,43,0,0
BRDA:362,44,0,0
BRDA:367,45,0,0
BRDA:367,45,1,0
BRDA:380,46,0,0
BRF:74
BRH:35
end_of_record
TN:
SF:src/test-scrypted.ts
FN:44,testConnection
FN:62,(anonymous_1)
FNF:2
FNH:0
FNDA:0,testConnection
FNDA:0,(anonymous_1)
DA:10,0
DA:17,0
DA:19,0
DA:25,0
DA:28,0
DA:30,0
DA:31,0
DA:33,0
DA:35,0
DA:36,0
DA:39,0
DA:40,0
DA:41,0
DA:42,0
DA:45,0
DA:46,0
DA:47,0
DA:48,0
DA:49,0
DA:51,0
DA:58,0
DA:59,0
DA:60,0
DA:62,0
DA:63,0
DA:64,0
DA:66,0
DA:68,0
DA:69,0
DA:70,0
DA:73,0
DA:74,0
DA:75,0
DA:76,0
DA:77,0
DA:78,0
DA:79,0
DA:82,0
DA:86,0
DA:90,0
LF:40
LH:0
BRDA:30,0,0,0
BRDA:30,0,1,0
BRDA:30,0,2,0
BRDA:30,0,3,0
BRDA:31,1,0,0
BRDA:31,1,1,0
BRDA:39,2,0,0
BRDA:39,2,1,0
BRDA:47,3,0,0
BRDA:47,3,1,0
BRDA:59,4,0,0
BRDA:59,4,1,0
BRDA:59,4,2,0
BRDA:63,5,0,0
BRDA:63,5,1,0
BRDA:64,6,0,0
BRDA:64,6,1,0
BRDA:68,7,0,0
BRDA:68,7,1,0
BRDA:70,8,0,0
BRDA:70,8,1,0
BRDA:77,9,0,0
BRDA:77,9,1,0
BRDA:78,10,0,0
BRDA:78,10,1,0
BRDA:78,11,0,0
BRDA:78,11,1,0
BRF:27
BRH:0
end_of_record
TN:
SF:src/verify.ts
FN:49,(anonymous_0)
FN:50,(anonymous_1)
FN:51,(anonymous_2)
FN:52,(anonymous_3)
FN:55,(anonymous_4)
FN:55,(anonymous_5)
FN:58,testScryptedConnection
FN:69,(anonymous_7)
FN:86,testGCSConnection
FN:106,verifyGCSLifecyclePolicy
FN:125,(anonymous_10)
FN:143,runDryRunBackup
FN:147,(anonymous_12)
FN:169,mainVerification
FNF:14
FNH:0
FNDA:0,(anonymous_0)
FNDA:0,(anonymous_1)
FNDA:0,(anonymous_2)
FNDA:0,(anonymous_3)
FNDA:0,(anonymous_4)
FNDA:0,(anonymous_5)
FNDA:0,testScryptedConnection
FNDA:0,(anonymous_7)
FNDA:0,testGCSConnection
FNDA:0,verifyGCSLifecyclePolicy
FNDA:0,(anonymous_10)
FNDA:0,runDryRunBackup
FNDA:0,(anonymous_12)
FNDA:0,mainVerification
DA:14,0
DA:15,0
DA:16,0
DA:18,0
DA:21,0
DA:23,0
DA:24,0
DA:26,0
DA:28,0
DA:29,0
DA:34,0
DA:36,0
DA:37,0
DA:38,0
DA:39,0
DA:40,0
DA:41,0
DA:42,0
DA:43,0
DA:46,0
DA:47,0
DA:48,0
DA:49,0
DA:50,0
DA:51,0
DA:52,0
DA:55,0
DA:59,0
DA:60,0
DA:61,0
DA:68,0
DA:69,0
DA:70,0
DA:71,0
DA:74,0
DA:75,0
DA:76,0
DA:78,0
DA:79,0
DA:81,0
DA:82,0
DA:87,0
DA:88,0
DA:89,0
DA:90,0
DA:91,0
DA:93,0
DA:97,0
DA:98,0
DA:99,0
DA:101,0
DA:102,0
DA:107,0
DA:108,0
DA:109,0
DA:110,0
DA:111,0
DA:113,0
DA:117,0
DA:118,0
DA:120,0
DA:121,0
DA:122,0
DA:125,0
DA:126,0
DA:130,0
DA:131,0
DA:132,0
DA:134,0
DA:135,0
DA:138,0
DA:139,0
DA:144,0
DA:146,0
DA:147,0
DA:148,0
DA:150,0
DA:151,0
DA:153,0
DA:156,0
DA:157,0
DA:158,0
DA:159,0
DA:161,0
DA:162,0
DA:165,0
DA:170,0
DA:172,0
DA:174,0
DA:175,0
DA:177,0
DA:179,0
DA:180,0
DA:182,0
DA:184,0
DA:185,0
DA:187,0
DA:193,0
DA:194,0
DA:195,0
DA:198,0
DA:199,0
DA:201,0
DA:205,0
DA:206,0
DA:209,0
LF:106
LH:0
BRDA:14,0,0,0
BRDA:14,0,1,0
BRDA:16,1,0,0
BRDA:16,1,1,0
BRDA:23,2,0,0
BRDA:23,2,1,0
BRDA:23,2,2,0
BRDA:23,2,3,0
BRDA:24,3,0,0
BRDA:24,3,1,0
BRDA:36,4,0,0
BRDA:36,4,1,0
BRDA:43,5,0,0
BRDA:43,5,1,0
BRDA:47,6,0,0
BRDA:47,6,1,0
BRDA:49,7,0,0
BRDA:49,7,1,0
BRDA:50,8,0,0
BRDA:50,8,1,0
BRDA:51,9,0,0
BRDA:51,9,1,0
BRDA:52,10,0,0
BRDA:52,10,1,0
BRDA:68,11,0,0
BRDA:68,11,1,0
BRDA:70,12,0,0
BRDA:70,12,1,0
BRDA:71,13,0,0
BRDA:71,13,1,0
BRDA:74,14,0,0
BRDA:74,14,1,0
BRDA:89,15,0,0
BRDA:89,15,1,0
BRDA:89,16,0,0
BRDA:89,16,1,0
BRDA:89,16,2,0
BRDA:109,17,0,0
BRDA:109,17,1,0
BRDA:120,18,0,0
BRDA:120,18,1,0
BRDA:120,19,0,0
BRDA:120,19,1,0
BRDA:120,19,2,0
BRDA:126,20,0,0
BRDA:126,20,1,0
BRDA:126,20,2,0
BRDA:126,20,3,0
BRDA:130,21,0,0
BRDA:130,21,1,0
BRDA:150,22,0,0
BRDA:150,22,1,0
BRDA:150,23,0,0
BRDA:150,23,1,0
BRDA:174,24,0,0
BRDA:174,24,1,0
BRDA:179,25,0,0
BRDA:179,25,1,0
BRDA:184,26,0,0
BRDA:184,26,1,0
BRDA:194,27,0,0
BRDA:194,27,1,0
BRDA:198,28,0,0
BRDA:198,28,1,0
BRDA:205,29,0,0
BRDA:205,29,1,0
BRF:66
BRH:0
end_of_record
